<?xml version="1.0" encoding="UTF-8"?>
<TestRun id="682d97b6-42cc-4c46-806f-e0c883a27037" name="Test Origen@TESTORIGEN-PC 2015-08-17 12:07:26" runUser="TestOrigen-PC\Test Origen" xmlns="http://microsoft.com/schemas/VisualStudio/TeamTest/2010">
  <Times creation="2015-08-17T12:07:26.3569786+05:30" queuing="2015-08-17T12:07:26.3579787+05:30" start="2015-08-17T12:07:26.3899805+05:30" finish="2015-08-17T14:31:54.2977565+05:30" />
  <TestSettings name="default" id="693416f9-abf3-4d64-8954-ff6ca9035f6b">
    <Execution>
      <TestTypeSpecific />
    </Execution>
    <Deployment runDeploymentRoot="Test Origen_TESTORIGEN-PC 2015-08-17 12_07_26" />
  </TestSettings>
  <Results>
    <UnitTestResult executionId="bc4ec221-b6fb-432b-8aec-7d6806ced927" testId="75e56327-7336-efdc-b3ad-bd85e075095f" testName="addAgentCodeForPartnerAgnet" computerName="TESTORIGEN-PC" duration="00:01:42.5882401" startTime="2015-08-17T12:05:43.5490983+05:30" endTime="2015-08-17T12:07:26.2059700+05:30" testType="13cdc9d9-ddb5-4fa4-a97d-d965ccfc6d4b" outcome="Failed" testListId="8c84fa94-04c1-424b-9868-57a2d4851a1d" relativeResultsDirectory="bc4ec221-b6fb-432b-8aec-7d6806ced927">
      <Output>
        <StdOut>Logged in as: AslamKhan / 1qaz!QAZ
Redirected at Dashboard screen.</StdOut>
        <ErrorInfo>
          <Message>Assert.IsTrue failed. </Message>
          <StackTrace>   at PegasusTests.PageHelper.Comm.DriverHelper.SendKeys(String locator, String value) in e:\Pegasus_Project\Pegasus_New_Skin\Pegasus_New_skin\Pegasus_New_skin\PageHelper\Comm\DriverHelper.cs:line 222
   at PegasusTests.PageHelper.PartnerAgentHelperNewSkin.TypeText(String Field, String text) in e:\Pegasus_Project\Pegasus_New_Skin\Pegasus_New_skin\Pegasus_New_skin\PageHelper\PartnerAgentHelperNewSkin.cs:line 32
   at PegasusTests.Scripts.ClientsTests.AddAgentCodeForPartnerAgnet.addAgentCodeForPartnerAgnet() in e:\Pegasus_Project\Pegasus_New_Skin\Pegasus_New_skin\Pegasus_New_skin\Scripts\NewSkinTaskJira\AddAgentCodeForPartnerAgnet.cs:line 76
</StackTrace>
        </ErrorInfo>
      </Output>
    </UnitTestResult>
    <UnitTestResult executionId="53bcccd9-dd95-4356-95c5-2d7567f559e0" testId="b466f748-829e-6f53-e63c-28f63c2aeb0e" testName="additionalFilter" computerName="TESTORIGEN-PC" duration="00:00:52.0414845" startTime="2015-08-17T12:07:26.2289713+05:30" endTime="2015-08-17T12:08:18.2719480+05:30" testType="13cdc9d9-ddb5-4fa4-a97d-d965ccfc6d4b" outcome="Passed" testListId="8c84fa94-04c1-424b-9868-57a2d4851a1d" relativeResultsDirectory="53bcccd9-dd95-4356-95c5-2d7567f559e0">
      <Output>
        <StdOut>Logged in as: selcorp / seWelcome2
Redirected at Dashboard screen.</StdOut>
      </Output>
    </UnitTestResult>
    <UnitTestResult executionId="8ac04f77-7456-4882-914c-94c3d84b7d43" testId="48f14298-cb83-566e-96ba-3647b0514124" testName="addressStateIssues" computerName="TESTORIGEN-PC" duration="00:00:55.1256627" startTime="2015-08-17T12:08:18.2719480+05:30" endTime="2015-08-17T12:09:13.3991011+05:30" testType="13cdc9d9-ddb5-4fa4-a97d-d965ccfc6d4b" outcome="Passed" testListId="8c84fa94-04c1-424b-9868-57a2d4851a1d" relativeResultsDirectory="8ac04f77-7456-4882-914c-94c3d84b7d43">
      <Output>
        <StdOut>Logged in as: AslamKhan / 1qaz!QAZ
Redirected at Dashboard screen.</StdOut>
      </Output>
    </UnitTestResult>
    <UnitTestResult executionId="7a0bd2c3-92d2-43e3-a619-c88e7fb73933" testId="024631e0-52c7-3174-1268-ee300c1200f2" testName="addressTypePickList" computerName="TESTORIGEN-PC" duration="00:01:18.0922355" startTime="2015-08-17T12:09:13.4001011+05:30" endTime="2015-08-17T12:10:31.4935678+05:30" testType="13cdc9d9-ddb5-4fa4-a97d-d965ccfc6d4b" outcome="Passed" testListId="8c84fa94-04c1-424b-9868-57a2d4851a1d" relativeResultsDirectory="7a0bd2c3-92d2-43e3-a619-c88e7fb73933">
      <Output>
        <StdOut>Logged in as: AslamKhan / 1qaz!QAZ
Redirected at Dashboard screen.</StdOut>
      </Output>
    </UnitTestResult>
    <UnitTestResult executionId="19dc5e31-867f-4295-91ff-702d47080404" testId="887c7784-c900-222b-bed3-59ae4b319fbd" testName="agentEmployeePage" computerName="TESTORIGEN-PC" duration="00:00:37.4986502" startTime="2015-08-17T12:10:31.4935678+05:30" endTime="2015-08-17T12:11:08.9937127+05:30" testType="13cdc9d9-ddb5-4fa4-a97d-d965ccfc6d4b" outcome="Passed" testListId="8c84fa94-04c1-424b-9868-57a2d4851a1d" relativeResultsDirectory="19dc5e31-867f-4295-91ff-702d47080404">
      <Output>
        <StdOut>Logged in as: AslamKhan / 1qaz!QAZ
Redirected at Dashboard screen.</StdOut>
      </Output>
    </UnitTestResult>
    <UnitTestResult executionId="7532a56f-b887-49dd-9aa2-bf9c860c9653" testId="8112eff1-8521-766e-f155-ef1a6d5eb07a" testName="allAgentDisplayePage" computerName="TESTORIGEN-PC" duration="00:00:51.8137208" startTime="2015-08-17T12:11:08.9937127+05:30" endTime="2015-08-17T12:12:00.8096764+05:30" testType="13cdc9d9-ddb5-4fa4-a97d-d965ccfc6d4b" outcome="Passed" testListId="8c84fa94-04c1-424b-9868-57a2d4851a1d" relativeResultsDirectory="7532a56f-b887-49dd-9aa2-bf9c860c9653">
      <Output>
        <StdOut>Logged in as: AslamKhan / 1qaz!QAZ
Redirected at Dashboard screen.</StdOut>
      </Output>
    </UnitTestResult>
    <UnitTestResult executionId="a7ddf4c2-aaea-47c4-9f7e-70682eacca74" testId="39af5e03-be84-4d4d-47e1-0e37436a03a0" testName="allUserPageInCorp" computerName="TESTORIGEN-PC" duration="00:00:45.6225295" startTime="2015-08-17T12:12:00.8096764+05:30" endTime="2015-08-17T12:12:46.4332859+05:30" testType="13cdc9d9-ddb5-4fa4-a97d-d965ccfc6d4b" outcome="Passed" testListId="8c84fa94-04c1-424b-9868-57a2d4851a1d" relativeResultsDirectory="a7ddf4c2-aaea-47c4-9f7e-70682eacca74">
      <Output>
        <StdOut>Logged in as: selcorp / seWelcome2
Redirected at Dashboard screen.</StdOut>
      </Output>
    </UnitTestResult>
    <UnitTestResult executionId="ccac722d-d821-490d-8695-e185b87c1ee1" testId="5f935a3e-552f-ad58-fa16-2bbdb7bbb492" testName="blankSubjectValidation" computerName="TESTORIGEN-PC" duration="00:00:43.6917670" startTime="2015-08-17T12:12:46.4332859+05:30" endTime="2015-08-17T12:13:30.1267851+05:30" testType="13cdc9d9-ddb5-4fa4-a97d-d965ccfc6d4b" outcome="Passed" testListId="8c84fa94-04c1-424b-9868-57a2d4851a1d" relativeResultsDirectory="ccac722d-d821-490d-8695-e185b87c1ee1">
      <Output>
        <StdOut>Logged in as: AslamKhan / 1qaz!QAZ
Redirected at Dashboard screen.</StdOut>
      </Output>
    </UnitTestResult>
    <UnitTestResult executionId="6d58321f-2561-47e7-b570-17d8d26abc99" testId="a735b350-d35d-c19e-72c0-f461418b114f" testName="cancelEditProfile" computerName="TESTORIGEN-PC" duration="00:00:52.8994206" startTime="2015-08-17T12:13:30.1267851+05:30" endTime="2015-08-17T12:14:23.0278108+05:30" testType="13cdc9d9-ddb5-4fa4-a97d-d965ccfc6d4b" outcome="Passed" testListId="8c84fa94-04c1-424b-9868-57a2d4851a1d" relativeResultsDirectory="6d58321f-2561-47e7-b570-17d8d26abc99">
      <Output>
        <StdOut>Logged in as: AslamKhan / 1qaz!QAZ
Redirected at Dashboard screen.</StdOut>
      </Output>
    </UnitTestResult>
    <UnitTestResult executionId="490b0798-3448-47ec-9037-339fa60e5c2d" testId="8c34702b-977e-c025-23ba-fe79ac937588" testName="changeStatusOfTicketAndVerifyStatus" computerName="TESTORIGEN-PC" duration="00:02:08.8489605" startTime="2015-08-17T12:14:23.0278108+05:30" endTime="2015-08-17T12:16:31.9091824+05:30" testType="13cdc9d9-ddb5-4fa4-a97d-d965ccfc6d4b" outcome="Passed" testListId="8c84fa94-04c1-424b-9868-57a2d4851a1d" relativeResultsDirectory="490b0798-3448-47ec-9037-339fa60e5c2d">
      <Output>
        <StdOut>Logged in as: AslamKhan / 1qaz!QAZ
Redirected at Dashboard screen.
Resolved	Resolved
Closed	Closed</StdOut>
      </Output>
    </UnitTestResult>
    <UnitTestResult executionId="f9923a25-0d16-4a01-a3fa-cf55c9e23779" testId="2f71bcfc-595b-2cf8-254e-56d76989fe46" testName="checkFilter" computerName="TESTORIGEN-PC" duration="00:00:59.5514544" startTime="2015-08-17T12:16:31.9091824+05:30" endTime="2015-08-17T12:17:31.4625887+05:30" testType="13cdc9d9-ddb5-4fa4-a97d-d965ccfc6d4b" outcome="Passed" testListId="8c84fa94-04c1-424b-9868-57a2d4851a1d" relativeResultsDirectory="f9923a25-0d16-4a01-a3fa-cf55c9e23779">
      <Output>
        <StdOut>Logged in as: AslamKhan / 1qaz!QAZ
Redirected at Dashboard screen.</StdOut>
      </Output>
    </UnitTestResult>
    <UnitTestResult executionId="ba21e4ae-4081-4c36-9791-4dc3b45b5cc3" testId="ca2e1b20-9ca3-3ef9-1cfd-f3d78c44a475" testName="clickEditEquipmentAfterConfirmDelete" computerName="TESTORIGEN-PC" duration="00:01:07.2247245" startTime="2015-08-17T12:17:31.4625887+05:30" endTime="2015-08-17T12:18:38.6884338+05:30" testType="13cdc9d9-ddb5-4fa4-a97d-d965ccfc6d4b" outcome="Passed" testListId="8c84fa94-04c1-424b-9868-57a2d4851a1d" relativeResultsDirectory="ba21e4ae-4081-4c36-9791-4dc3b45b5cc3">
      <Output>
        <StdOut>Logged in as: AslamKhan / 1qaz!QAZ
Redirected at Dashboard screen.</StdOut>
      </Output>
    </UnitTestResult>
    <UnitTestResult executionId="27e73147-1344-4b44-87f4-664ac8594ae7" testId="01c1dd74-2fb1-fbb6-f8e3-ed1a182e0af3" testName="clientContactTabExpandOnClickLabel" computerName="TESTORIGEN-PC" duration="00:01:04.4821400" startTime="2015-08-17T12:18:38.6894338+05:30" endTime="2015-08-17T12:19:43.1731221+05:30" testType="13cdc9d9-ddb5-4fa4-a97d-d965ccfc6d4b" outcome="Passed" testListId="8c84fa94-04c1-424b-9868-57a2d4851a1d" relativeResultsDirectory="27e73147-1344-4b44-87f4-664ac8594ae7">
      <Output>
        <StdOut>Logged in as: AslamKhan / 1qaz!QAZ
Redirected at Dashboard screen.</StdOut>
      </Output>
    </UnitTestResult>
    <UnitTestResult executionId="97ee7f13-c73f-4f56-b2b6-1afebb00a03d" testId="b7117c23-ebaf-3c92-917e-0d5689b3320e" testName="clientDublicateMatchOverlay" computerName="TESTORIGEN-PC" duration="00:01:18.6139260" startTime="2015-08-17T12:19:43.1731221+05:30" endTime="2015-08-17T12:21:01.7896187+05:30" testType="13cdc9d9-ddb5-4fa4-a97d-d965ccfc6d4b" outcome="Passed" testListId="8c84fa94-04c1-424b-9868-57a2d4851a1d" relativeResultsDirectory="97ee7f13-c73f-4f56-b2b6-1afebb00a03d">
      <Output>
        <StdOut>Logged in as: AslamKhan / 1qaz!QAZ
Redirected at Dashboard screen.</StdOut>
      </Output>
    </UnitTestResult>
    <UnitTestResult executionId="75d50a02-1527-4a6d-abe2-d0c673d8c9ba" testId="181c25d2-1724-3a41-d18c-b54a0ccc2e46" testName="clientMerchantIssue1" computerName="TESTORIGEN-PC" duration="00:00:49.2731354" startTime="2015-08-17T12:21:01.7896187+05:30" endTime="2015-08-17T12:21:51.0634370+05:30" testType="13cdc9d9-ddb5-4fa4-a97d-d965ccfc6d4b" outcome="Passed" testListId="8c84fa94-04c1-424b-9868-57a2d4851a1d" relativeResultsDirectory="75d50a02-1527-4a6d-abe2-d0c673d8c9ba">
      <Output>
        <StdOut>Logged in as: AslamKhan / 1qaz!QAZ
Redirected at Dashboard screen.</StdOut>
      </Output>
    </UnitTestResult>
    <UnitTestResult executionId="a32b3bb0-08ba-485f-b466-942ac38e9be9" testId="9a7b6b9a-3023-3a2b-3d10-0bf04068cf88" testName="clientMerchantIssue2" computerName="TESTORIGEN-PC" duration="00:00:45.2566492" startTime="2015-08-17T12:21:51.0634370+05:30" endTime="2015-08-17T12:22:36.3220256+05:30" testType="13cdc9d9-ddb5-4fa4-a97d-d965ccfc6d4b" outcome="Passed" testListId="8c84fa94-04c1-424b-9868-57a2d4851a1d" relativeResultsDirectory="a32b3bb0-08ba-485f-b466-942ac38e9be9">
      <Output>
        <StdOut>Logged in as: AslamKhan / 1qaz!QAZ
Redirected at Dashboard screen.</StdOut>
      </Output>
    </UnitTestResult>
    <UnitTestResult executionId="adff69de-df9a-4657-914e-0173acb160fe" testId="ee1173d2-973c-26e9-727d-00a67b6abd2f" testName="clientPDFInactive" computerName="TESTORIGEN-PC" duration="00:01:29.5004773" startTime="2015-08-17T12:22:36.3220256+05:30" endTime="2015-08-17T12:24:05.8251449+05:30" testType="13cdc9d9-ddb5-4fa4-a97d-d965ccfc6d4b" outcome="Failed" testListId="8c84fa94-04c1-424b-9868-57a2d4851a1d" relativeResultsDirectory="adff69de-df9a-4657-914e-0173acb160fe">
      <Output>
        <StdOut>Logged in as: AslamKhan / 1qaz!QAZ
Redirected at Dashboard screen.</StdOut>
        <ErrorInfo>
          <Message>Assert.IsFalse failed. Text String: 2Found.</Message>
          <StackTrace>   at PegasusTests.PageHelper.Comm.DriverHelper.VerifyTextNotPresent(String text) in e:\Pegasus_Project\Pegasus_New_Skin\Pegasus_New_skin\Pegasus_New_skin\PageHelper\Comm\DriverHelper.cs:line 587
   at PegasusTests.Scripts.ClientsTests.ClientPDFInactive.clientPDFInactive() in e:\Pegasus_Project\Pegasus_New_Skin\Pegasus_New_skin\Pegasus_New_skin\Scripts\NewSkinTaskJira\ClientPDFInactive.cs:line 78
</StackTrace>
        </ErrorInfo>
      </Output>
    </UnitTestResult>
    <UnitTestResult executionId="e8913d6b-ed27-4c6f-b80e-0f9abf3afac7" testId="c113ee0b-dea0-ba2a-4a37-7e71463c41c8" testName="clientRequiredField" computerName="TESTORIGEN-PC" duration="00:00:52.3538717" startTime="2015-08-17T12:24:05.8251449+05:30" endTime="2015-08-17T12:24:58.1801395+05:30" testType="13cdc9d9-ddb5-4fa4-a97d-d965ccfc6d4b" outcome="Passed" testListId="8c84fa94-04c1-424b-9868-57a2d4851a1d" relativeResultsDirectory="e8913d6b-ed27-4c6f-b80e-0f9abf3afac7">
      <Output>
        <StdOut>Logged in as: AslamKhan / 1qaz!QAZ
Redirected at Dashboard screen.</StdOut>
      </Output>
    </UnitTestResult>
    <UnitTestResult executionId="d4117cfe-3f46-4f18-86d9-b2eba6f525fc" testId="b47ab7f2-7c09-856a-1469-10cf7e1e0458" testName="clientResidualAdjustment" computerName="TESTORIGEN-PC" duration="00:00:56.5193398" startTime="2015-08-17T12:24:58.1801395+05:30" endTime="2015-08-17T12:25:54.7013723+05:30" testType="13cdc9d9-ddb5-4fa4-a97d-d965ccfc6d4b" outcome="Passed" testListId="8c84fa94-04c1-424b-9868-57a2d4851a1d" relativeResultsDirectory="d4117cfe-3f46-4f18-86d9-b2eba6f525fc">
      <Output>
        <StdOut>Logged in as: AslamKhan / 1qaz!QAZ
Redirected at Dashboard screen.</StdOut>
      </Output>
    </UnitTestResult>
    <UnitTestResult executionId="162cfc73-70db-4b9c-9923-b0e4662ff092" testId="80ff8e72-8ff4-afe5-5c4e-babbe2f49ee4" testName="clientVerifyCanadaCountry" computerName="TESTORIGEN-PC" duration="00:00:56.5499717" startTime="2015-08-17T12:25:54.7013723+05:30" endTime="2015-08-17T12:26:51.2526068+05:30" testType="13cdc9d9-ddb5-4fa4-a97d-d965ccfc6d4b" outcome="Passed" testListId="8c84fa94-04c1-424b-9868-57a2d4851a1d" relativeResultsDirectory="162cfc73-70db-4b9c-9923-b0e4662ff092">
      <Output>
        <StdOut>Logged in as: AslamKhan / 1qaz!QAZ
Redirected at Dashboard screen.</StdOut>
      </Output>
    </UnitTestResult>
    <UnitTestResult executionId="bff5227a-2f8f-43ad-a19f-ffdbfdc2c108" testId="11b81a51-5dd0-366c-0281-30d54286029a" testName="convertLeadMoveToRecycleBin" computerName="TESTORIGEN-PC" duration="00:01:09.8445481" startTime="2015-08-17T12:26:51.2536069+05:30" endTime="2015-08-17T12:28:01.0996019+05:30" testType="13cdc9d9-ddb5-4fa4-a97d-d965ccfc6d4b" outcome="Passed" testListId="8c84fa94-04c1-424b-9868-57a2d4851a1d" relativeResultsDirectory="bff5227a-2f8f-43ad-a19f-ffdbfdc2c108">
      <Output>
        <StdOut>Logged in as: AslamKhan / 1qaz!QAZ
Redirected at Dashboard screen.</StdOut>
      </Output>
    </UnitTestResult>
    <UnitTestResult executionId="cabef7a3-74ad-42f5-97b3-bdc281190aa5" testId="86209b9d-c8ef-ef98-c2b7-2920f433756d" testName="copyrightNotAvail" computerName="TESTORIGEN-PC" duration="00:00:45.1245443" startTime="2015-08-17T12:28:01.0996019+05:30" endTime="2015-08-17T12:28:46.2261830+05:30" testType="13cdc9d9-ddb5-4fa4-a97d-d965ccfc6d4b" outcome="Passed" testListId="8c84fa94-04c1-424b-9868-57a2d4851a1d" relativeResultsDirectory="cabef7a3-74ad-42f5-97b3-bdc281190aa5">
      <Output>
        <StdOut>Logged in as: AslamKhan / 1qaz!QAZ
Redirected at Dashboard screen.</StdOut>
      </Output>
    </UnitTestResult>
    <UnitTestResult executionId="58786686-0ecb-4e91-be8e-616ae9df9ab2" testId="1bfb404a-0507-99ce-62a4-3d9ae6737f43" testName="corpEmployeeIssues" computerName="TESTORIGEN-PC" duration="00:01:00.0346959" startTime="2015-08-17T12:28:46.2261830+05:30" endTime="2015-08-17T12:29:46.2626168+05:30" testType="13cdc9d9-ddb5-4fa4-a97d-d965ccfc6d4b" outcome="Passed" testListId="8c84fa94-04c1-424b-9868-57a2d4851a1d" relativeResultsDirectory="58786686-0ecb-4e91-be8e-616ae9df9ab2">
      <Output>
        <StdOut>Logged in as: selcorp / seWelcome2
Redirected at Dashboard screen.</StdOut>
      </Output>
    </UnitTestResult>
    <UnitTestResult executionId="c14154d9-e64e-40d4-ad05-7405dc3335a6" testId="3d8ee334-4ea5-3518-9c3a-fd8b51d3045a" testName="createClientError" computerName="TESTORIGEN-PC" duration="00:01:05.1630760" startTime="2015-08-17T12:29:46.2626168+05:30" endTime="2015-08-17T12:30:51.4273440+05:30" testType="13cdc9d9-ddb5-4fa4-a97d-d965ccfc6d4b" outcome="Passed" testListId="8c84fa94-04c1-424b-9868-57a2d4851a1d" relativeResultsDirectory="c14154d9-e64e-40d4-ad05-7405dc3335a6">
      <Output>
        <StdOut>Logged in as: AslamKhan / 1qaz!QAZ
Redirected at Dashboard screen.</StdOut>
      </Output>
    </UnitTestResult>
    <UnitTestResult executionId="565c1cf5-9d39-4990-8684-48149cd470c4" testId="e8d2a080-7634-f2c4-f926-42b63bf49db4" testName="createEquipmentNewSkin" computerName="TESTORIGEN-PC" duration="00:00:52.1598513" startTime="2015-08-17T12:30:51.4273440+05:30" endTime="2015-08-17T12:31:43.5893275+05:30" testType="13cdc9d9-ddb5-4fa4-a97d-d965ccfc6d4b" outcome="Passed" testListId="8c84fa94-04c1-424b-9868-57a2d4851a1d" relativeResultsDirectory="565c1cf5-9d39-4990-8684-48149cd470c4">
      <Output>
        <StdOut>Logged in as: AslamKhan / 1qaz!QAZ
Redirected at Dashboard screen.</StdOut>
      </Output>
    </UnitTestResult>
    <UnitTestResult executionId="dcf0496f-e080-4ece-814f-8883da8b2d57" testId="9780a645-4095-c833-3d95-0ba17d6597b4" testName="createLeadWithRequiredFieldNewSkin" computerName="TESTORIGEN-PC" duration="00:01:17.8133431" startTime="2015-08-17T12:31:43.5893275+05:30" endTime="2015-08-17T12:33:01.4047783+05:30" testType="13cdc9d9-ddb5-4fa4-a97d-d965ccfc6d4b" outcome="Passed" testListId="8c84fa94-04c1-424b-9868-57a2d4851a1d" relativeResultsDirectory="dcf0496f-e080-4ece-814f-8883da8b2d57">
      <Output>
        <StdOut>Logged in as: AslamKhan / 1qaz!QAZ
Redirected at Dashboard screen.</StdOut>
      </Output>
    </UnitTestResult>
    <UnitTestResult executionId="cacc7568-fce1-4903-ba58-0a28a43f0f92" testId="c0aae661-376d-ca04-ce30-65203124e8ba" testName="createOfficeNewSkin" computerName="TESTORIGEN-PC" duration="00:01:02.4504046" startTime="2015-08-17T12:33:01.4047783+05:30" endTime="2015-08-17T12:34:03.8563504+05:30" testType="13cdc9d9-ddb5-4fa4-a97d-d965ccfc6d4b" outcome="Passed" testListId="8c84fa94-04c1-424b-9868-57a2d4851a1d" relativeResultsDirectory="cacc7568-fce1-4903-ba58-0a28a43f0f92">
      <Output>
        <StdOut>Logged in as: selcorp / seWelcome2
Redirected at Dashboard screen.</StdOut>
      </Output>
    </UnitTestResult>
    <UnitTestResult executionId="28b85ed7-2ffd-40b4-8c78-3e98fd4a85b1" testId="225dff06-bf76-de06-4ee3-83bec1444e67" testName="createPDFPackage" computerName="TESTORIGEN-PC" duration="00:00:59.7316063" startTime="2015-08-17T12:34:03.8573504+05:30" endTime="2015-08-17T12:35:03.5897669+05:30" testType="13cdc9d9-ddb5-4fa4-a97d-d965ccfc6d4b" outcome="Passed" testListId="8c84fa94-04c1-424b-9868-57a2d4851a1d" relativeResultsDirectory="28b85ed7-2ffd-40b4-8c78-3e98fd4a85b1">
      <Output>
        <StdOut>Logged in as: AslamKhan / 1qaz!QAZ
Redirected at Dashboard screen.</StdOut>
      </Output>
    </UnitTestResult>
    <UnitTestResult executionId="cd46d729-dd78-40a9-a278-b2c233900e6f" testId="54e0bcd3-13b1-1c68-dd4c-0a6808043fde" testName="createPDFPackagePushToOffice" computerName="TESTORIGEN-PC" duration="00:01:25.3187329" startTime="2015-08-17T12:35:03.5897669+05:30" endTime="2015-08-17T12:36:28.9106470+05:30" testType="13cdc9d9-ddb5-4fa4-a97d-d965ccfc6d4b" outcome="Passed" testListId="8c84fa94-04c1-424b-9868-57a2d4851a1d" relativeResultsDirectory="cd46d729-dd78-40a9-a278-b2c233900e6f">
      <Output>
        <StdOut>Logged in as: selcorp / seWelcome2
Redirected at Dashboard screen.
Redirected at Dashboard screen.</StdOut>
      </Output>
    </UnitTestResult>
    <UnitTestResult executionId="5dcd00e8-3743-4695-8fd8-9a82a75393de" testId="6c3ec04a-c589-1298-4bba-44a34d77680d" testName="createProcessorNewSkin" computerName="TESTORIGEN-PC" duration="00:00:35.9911091" startTime="2015-08-17T12:36:28.9106470+05:30" endTime="2015-08-17T12:37:04.9037057+05:30" testType="13cdc9d9-ddb5-4fa4-a97d-d965ccfc6d4b" outcome="Passed" testListId="8c84fa94-04c1-424b-9868-57a2d4851a1d" relativeResultsDirectory="5dcd00e8-3743-4695-8fd8-9a82a75393de">
      <Output>
        <StdOut>Logged in as: selcorp / seWelcome2
Redirected at Dashboard screen.</StdOut>
      </Output>
    </UnitTestResult>
    <UnitTestResult executionId="3e6ccf95-f417-487f-ad02-b9100dbe82b8" testId="8e0d478e-9b1f-b036-cda4-428d3304bc9d" testName="createReportValidation" computerName="TESTORIGEN-PC" duration="00:01:00.0400650" startTime="2015-08-17T12:37:04.9037057+05:30" endTime="2015-08-17T12:38:04.9451398+05:30" testType="13cdc9d9-ddb5-4fa4-a97d-d965ccfc6d4b" outcome="Passed" testListId="8c84fa94-04c1-424b-9868-57a2d4851a1d" relativeResultsDirectory="3e6ccf95-f417-487f-ad02-b9100dbe82b8">
      <Output>
        <StdOut>Logged in as: AslamKhan / 1qaz!QAZ
Redirected at Dashboard screen.</StdOut>
      </Output>
    </UnitTestResult>
    <UnitTestResult executionId="f08a7bbb-7cf8-4b6c-8039-d1a3b44d1467" testId="ac466cc6-5028-9fc8-e133-9864bcf4fe88" testName="createUserError" computerName="TESTORIGEN-PC" duration="00:00:50.3248788" startTime="2015-08-17T12:38:04.9451398+05:30" endTime="2015-08-17T12:38:55.2720184+05:30" testType="13cdc9d9-ddb5-4fa4-a97d-d965ccfc6d4b" outcome="Passed" testListId="8c84fa94-04c1-424b-9868-57a2d4851a1d" relativeResultsDirectory="f08a7bbb-7cf8-4b6c-8039-d1a3b44d1467">
      <Output>
        <StdOut>Logged in as: AslamKhan / 1qaz!QAZ</StdOut>
      </Output>
    </UnitTestResult>
    <UnitTestResult executionId="a84b8b74-7d18-46ed-ae6c-54f5548a3a43" testId="7f132701-8100-d7a7-582e-336ee30439dc" testName="createUserError1" computerName="TESTORIGEN-PC" duration="00:01:58.0313820" startTime="2015-08-17T12:38:55.2720184+05:30" endTime="2015-08-17T12:40:53.3057695+05:30" testType="13cdc9d9-ddb5-4fa4-a97d-d965ccfc6d4b" outcome="Passed" testListId="8c84fa94-04c1-424b-9868-57a2d4851a1d" relativeResultsDirectory="a84b8b74-7d18-46ed-ae6c-54f5548a3a43">
      <Output>
        <StdOut>Logged in as: AslamKhan / 1qaz!QAZ</StdOut>
      </Output>
    </UnitTestResult>
    <UnitTestResult executionId="3d2b773c-69bb-4e95-a878-2e2d104329cf" testId="110cbcae-34c8-6509-5400-6842f9e0f5ca" testName="createUserError2" computerName="TESTORIGEN-PC" duration="00:00:47.4896791" startTime="2015-08-17T12:40:53.3057695+05:30" endTime="2015-08-17T12:41:40.7964858+05:30" testType="13cdc9d9-ddb5-4fa4-a97d-d965ccfc6d4b" outcome="Passed" testListId="8c84fa94-04c1-424b-9868-57a2d4851a1d" relativeResultsDirectory="3d2b773c-69bb-4e95-a878-2e2d104329cf">
      <Output>
        <StdOut>Logged in as: AslamKhan / 1qaz!QAZ</StdOut>
      </Output>
    </UnitTestResult>
    <UnitTestResult executionId="38423cff-55eb-4883-a753-ee3922222634" testId="30257349-d269-2c45-8b7a-3f657728a2fb" testName="deleteAllRevenueShareClient" computerName="TESTORIGEN-PC" duration="00:01:20.5958164" startTime="2015-08-17T12:41:40.7974859+05:30" endTime="2015-08-17T12:43:01.3950958+05:30" testType="13cdc9d9-ddb5-4fa4-a97d-d965ccfc6d4b" outcome="Passed" testListId="8c84fa94-04c1-424b-9868-57a2d4851a1d" relativeResultsDirectory="38423cff-55eb-4883-a753-ee3922222634">
      <Output>
        <StdOut>Logged in as: AslamKhan / 1qaz!QAZ
Redirected at Dashboard screen.</StdOut>
      </Output>
    </UnitTestResult>
    <UnitTestResult executionId="cd5a4345-eb75-4716-a053-95561ff11bb5" testId="22eaf6ce-1169-54f0-138c-0f7ee2219abd" testName="deleteEmployee" computerName="TESTORIGEN-PC" duration="00:00:38.3451429" startTime="2015-08-17T12:43:01.3950958+05:30" endTime="2015-08-17T12:43:39.7412891+05:30" testType="13cdc9d9-ddb5-4fa4-a97d-d965ccfc6d4b" outcome="Failed" testListId="8c84fa94-04c1-424b-9868-57a2d4851a1d" relativeResultsDirectory="cd5a4345-eb75-4716-a053-95561ff11bb5">
      <Output>
        <StdOut>Logged in as: selcorp / seWelcome2
Redirected at Dashboard screen.</StdOut>
        <ErrorInfo>
          <Message>Test method PegasusTests.Scripts.ClientsTests.DeleteEmployee.deleteEmployee threw exception: 
OpenQA.Selenium.NoSuchFrameException: no such frame: element is not a frame
  (Session info: chrome=44.0.2403.155)
  (Driver info: chromedriver=2.14.313457 (3d645c400edf2e2c500566c9aa096063e707c9cf),platform=Windows NT 6.1 SP1 x86_64)</Message>
          <StackTrace>    at OpenQA.Selenium.Remote.RemoteWebDriver.UnpackAndThrowOnError(Response errorResponse)
   at OpenQA.Selenium.Remote.RemoteWebDriver.Execute(String driverCommandToExecute, Dictionary`2 parameters)
   at OpenQA.Selenium.Remote.RemoteTargetLocator.Frame(IWebElement frameElement)
   at PegasusTests.PageHelper.PartnerAgentHelperNewSkin.switchFrame(String frameid) in e:\Pegasus_Project\Pegasus_New_Skin\Pegasus_New_skin\Pegasus_New_skin\PageHelper\PartnerAgentHelperNewSkin.cs:line 115
   at PegasusTests.Scripts.ClientsTests.DeleteEmployee.deleteEmployee() in e:\Pegasus_Project\Pegasus_New_Skin\Pegasus_New_skin\Pegasus_New_skin\Scripts\NewSkinTaskJira\DeleteEmployee.cs:line 97
</StackTrace>
        </ErrorInfo>
      </Output>
    </UnitTestResult>
    <UnitTestResult executionId="ba4b7b09-75e4-4182-9bba-ba4de38c428e" testId="cd2349a5-754f-0e19-994d-2346f7ee6f57" testName="deleteEquipmentNewSkin" computerName="TESTORIGEN-PC" duration="00:01:05.0319586" startTime="2015-08-17T12:43:39.7412891+05:30" endTime="2015-08-17T12:44:44.7750088+05:30" testType="13cdc9d9-ddb5-4fa4-a97d-d965ccfc6d4b" outcome="Passed" testListId="8c84fa94-04c1-424b-9868-57a2d4851a1d" relativeResultsDirectory="ba4b7b09-75e4-4182-9bba-ba4de38c428e">
      <Output>
        <StdOut>Logged in as: AslamKhan / 1qaz!QAZ
Redirected at Dashboard screen.</StdOut>
      </Output>
    </UnitTestResult>
    <UnitTestResult executionId="5383faa6-ce0e-4f4c-90f7-e1d617486815" testId="73732dff-e65b-2925-15b2-fc5002d5cd57" testName="deleteIndividualRevenue" computerName="TESTORIGEN-PC" duration="00:01:55.7886771" startTime="2015-08-17T12:44:44.7750088+05:30" endTime="2015-08-17T12:46:40.5666317+05:30" testType="13cdc9d9-ddb5-4fa4-a97d-d965ccfc6d4b" outcome="Passed" testListId="8c84fa94-04c1-424b-9868-57a2d4851a1d" relativeResultsDirectory="5383faa6-ce0e-4f4c-90f7-e1d617486815">
      <Output>
        <StdOut>Logged in as: AslamKhan / 1qaz!QAZ
Redirected at Dashboard screen.</StdOut>
      </Output>
    </UnitTestResult>
    <UnitTestResult executionId="dada9cf6-5aa4-48bb-9698-4cba60e6ebbc" testId="200f2942-fcb9-6450-a389-794592e9b5cc" testName="deleteOfficeNewSkin" computerName="TESTORIGEN-PC" duration="00:01:47.8345335" startTime="2015-08-17T12:46:40.5666317+05:30" endTime="2015-08-17T12:48:28.4037996+05:30" testType="13cdc9d9-ddb5-4fa4-a97d-d965ccfc6d4b" outcome="Passed" testListId="8c84fa94-04c1-424b-9868-57a2d4851a1d" relativeResultsDirectory="dada9cf6-5aa4-48bb-9698-4cba60e6ebbc">
      <Output>
        <StdOut>Logged in as: selcorp / seWelcome2
Redirected at Dashboard screen.</StdOut>
      </Output>
    </UnitTestResult>
    <UnitTestResult executionId="671574c8-885e-46dc-95e7-8e3bb8800e61" testId="e583e817-da39-b6e3-11da-6d2a55a549de" testName="deletePDFTemplate" computerName="TESTORIGEN-PC" duration="00:01:16.0708425" startTime="2015-08-17T12:48:28.4037996+05:30" endTime="2015-08-17T12:49:44.4771508+05:30" testType="13cdc9d9-ddb5-4fa4-a97d-d965ccfc6d4b" outcome="Passed" testListId="8c84fa94-04c1-424b-9868-57a2d4851a1d" relativeResultsDirectory="671574c8-885e-46dc-95e7-8e3bb8800e61">
      <Output>
        <StdOut>Logged in as: AslamKhan / 1qaz!QAZ
Redirected at Dashboard screen.</StdOut>
      </Output>
    </UnitTestResult>
    <UnitTestResult executionId="8e3d0b25-2c8a-4a9b-b1e4-5ecb463431a5" testId="35bd9b17-2e60-aab0-1b76-88768e271b9f" testName="deletePDFTemplateCorp" computerName="TESTORIGEN-PC" duration="00:01:03.8051083" startTime="2015-08-17T12:49:44.4771508+05:30" endTime="2015-08-17T12:50:48.2838003+05:30" testType="13cdc9d9-ddb5-4fa4-a97d-d965ccfc6d4b" outcome="Passed" testListId="8c84fa94-04c1-424b-9868-57a2d4851a1d" relativeResultsDirectory="8e3d0b25-2c8a-4a9b-b1e4-5ecb463431a5">
      <Output>
        <StdOut>Logged in as: selcorp / seWelcome2
Redirected at Dashboard screen.</StdOut>
      </Output>
    </UnitTestResult>
    <UnitTestResult executionId="5a6964a8-3c46-4511-bfac-bb5b0da370b8" testId="a8654672-39e6-9749-e64f-f336ca308b0d" testName="deleteProductAdmin" computerName="TESTORIGEN-PC" duration="00:01:13.7347427" startTime="2015-08-17T12:50:48.2838003+05:30" endTime="2015-08-17T12:52:02.0210178+05:30" testType="13cdc9d9-ddb5-4fa4-a97d-d965ccfc6d4b" outcome="Passed" testListId="8c84fa94-04c1-424b-9868-57a2d4851a1d" relativeResultsDirectory="5a6964a8-3c46-4511-bfac-bb5b0da370b8">
      <Output>
        <StdOut>Logged in as: AslamKhan / 1qaz!QAZ
Redirected at Dashboard screen.</StdOut>
      </Output>
    </UnitTestResult>
    <UnitTestResult executionId="8f41002a-3038-4b37-a2a5-fdd5fb7db954" testId="4330d98c-49e0-3371-760a-38d2e071aec5" testName="deleteSaleAgentCodeAndRevenueShare" computerName="TESTORIGEN-PC" duration="00:01:31.4383328" startTime="2015-08-17T12:52:02.0210178+05:30" endTime="2015-08-17T12:53:33.4612479+05:30" testType="13cdc9d9-ddb5-4fa4-a97d-d965ccfc6d4b" outcome="Passed" testListId="8c84fa94-04c1-424b-9868-57a2d4851a1d" relativeResultsDirectory="8f41002a-3038-4b37-a2a5-fdd5fb7db954">
      <Output>
        <StdOut>Logged in as: AslamKhan / 1qaz!QAZ
Redirected at Dashboard screen.</StdOut>
      </Output>
    </UnitTestResult>
    <UnitTestResult executionId="1071394f-51d4-40de-adc2-de899d774091" testId="b35b0d71-79da-bc60-f850-98a6f43dde34" testName="editClientNewSkin" computerName="TESTORIGEN-PC" duration="00:01:48.7658735" startTime="2015-08-17T12:53:33.4612479+05:30" endTime="2015-08-17T12:55:22.2294691+05:30" testType="13cdc9d9-ddb5-4fa4-a97d-d965ccfc6d4b" outcome="Passed" testListId="8c84fa94-04c1-424b-9868-57a2d4851a1d" relativeResultsDirectory="1071394f-51d4-40de-adc2-de899d774091">
      <Output>
        <StdOut>Logged in as: AslamKhan / 1qaz!QAZ
Redirected at Dashboard screen.</StdOut>
      </Output>
    </UnitTestResult>
    <UnitTestResult executionId="438f32f1-013f-4b4f-a58f-34cde464fcd5" testId="c3017713-9611-9ede-6da7-88b946a87296" testName="editCorpEmployee" computerName="TESTORIGEN-PC" duration="00:00:45.3656672" startTime="2015-08-17T12:55:22.2304692+05:30" endTime="2015-08-17T12:56:07.5970640+05:30" testType="13cdc9d9-ddb5-4fa4-a97d-d965ccfc6d4b" outcome="Passed" testListId="8c84fa94-04c1-424b-9868-57a2d4851a1d" relativeResultsDirectory="438f32f1-013f-4b4f-a58f-34cde464fcd5">
      <Output>
        <StdOut>Logged in as: selcorp / seWelcome2
Redirected at Dashboard screen.</StdOut>
      </Output>
    </UnitTestResult>
    <UnitTestResult executionId="0aa9f36d-e55a-453b-8181-553c7e3db9f2" testId="74866589-49d4-14a2-ab66-e67497887a93" testName="editMyProfile" computerName="TESTORIGEN-PC" duration="00:00:41.4479919" startTime="2015-08-17T12:56:07.5970640+05:30" endTime="2015-08-17T12:56:49.0464348+05:30" testType="13cdc9d9-ddb5-4fa4-a97d-d965ccfc6d4b" outcome="Passed" testListId="8c84fa94-04c1-424b-9868-57a2d4851a1d" relativeResultsDirectory="0aa9f36d-e55a-453b-8181-553c7e3db9f2">
      <Output>
        <StdOut>Logged in as: AslamKhan / 1qaz!QAZ
Redirected at Dashboard screen.</StdOut>
      </Output>
    </UnitTestResult>
    <UnitTestResult executionId="02ac8f58-44aa-4605-a752-06794c65c7e5" testId="05d21f98-f89f-abe0-e652-2467ebe62129" testName="editOmahaAuthGripAdmin" computerName="TESTORIGEN-PC" duration="00:01:00.8014828" startTime="2015-08-17T12:56:49.0464348+05:30" endTime="2015-08-17T12:57:49.8499125+05:30" testType="13cdc9d9-ddb5-4fa4-a97d-d965ccfc6d4b" outcome="Passed" testListId="8c84fa94-04c1-424b-9868-57a2d4851a1d" relativeResultsDirectory="02ac8f58-44aa-4605-a752-06794c65c7e5">
      <Output>
        <StdOut>Logged in as: AslamKhan / 1qaz!QAZ
Redirected at Dashboard screen.</StdOut>
      </Output>
    </UnitTestResult>
    <UnitTestResult executionId="8a55fee6-2f1a-4e3e-8a52-8a2b281e47d5" testId="cb11f649-10e0-17c6-1b6c-ace3cef76252" testName="editPartnerAgentNewSkin" computerName="TESTORIGEN-PC" duration="00:00:48.7517043" startTime="2015-08-17T12:57:49.8499125+05:30" endTime="2015-08-17T12:58:38.6027010+05:30" testType="13cdc9d9-ddb5-4fa4-a97d-d965ccfc6d4b" outcome="Passed" testListId="8c84fa94-04c1-424b-9868-57a2d4851a1d" relativeResultsDirectory="8a55fee6-2f1a-4e3e-8a52-8a2b281e47d5">
      <Output>
        <StdOut>Logged in as: AslamKhan / 1qaz!QAZ
Redirected at Dashboard screen.</StdOut>
      </Output>
    </UnitTestResult>
    <UnitTestResult executionId="54318832-be01-497e-ac34-94c11210345b" testId="275dbb9b-c414-2a37-4ac4-666d31fe13d2" testName="editPDFTemplateNewSkin" computerName="TESTORIGEN-PC" duration="00:01:01.9839696" startTime="2015-08-17T12:58:38.6037011+05:30" endTime="2015-08-17T12:59:40.5892465+05:30" testType="13cdc9d9-ddb5-4fa4-a97d-d965ccfc6d4b" outcome="Failed" testListId="8c84fa94-04c1-424b-9868-57a2d4851a1d" relativeResultsDirectory="54318832-be01-497e-ac34-94c11210345b">
      <Output>
        <StdOut>Logged in as: AslamKhan / 1qaz!QAZ
Redirected at Dashboard screen.</StdOut>
        <ErrorInfo>
          <Message>Test method PegasusTests.Scripts.ClientsTests.EditPDFTemplateNewSkin.editPDFTemplateNewSkin threw exception: 
System.InvalidOperationException: unknown error: Element is not clickable at point (896, 138). Other element would receive the click: &lt;div class="modal-backdrop fade in"&gt;&lt;/div&gt;
  (Session info: chrome=44.0.2403.155)
  (Driver info: chromedriver=2.14.313457 (3d645c400edf2e2c500566c9aa096063e707c9cf),platform=Windows NT 6.1 SP1 x86_64)</Message>
          <StackTrace>    at OpenQA.Selenium.Remote.RemoteWebDriver.UnpackAndThrowOnError(Response errorResponse)
   at OpenQA.Selenium.Remote.RemoteWebDriver.Execute(String driverCommandToExecute, Dictionary`2 parameters)
   at OpenQA.Selenium.Remote.RemoteWebElement.Click()
   at PegasusTests.PageHelper.Comm.DriverHelper.Click(String locator) in e:\Pegasus_Project\Pegasus_New_Skin\Pegasus_New_skin\Pegasus_New_skin\PageHelper\Comm\DriverHelper.cs:line 247
   at PegasusTests.PageHelper.PDFTemplateAdminHelper.ClickElement(String XmlNode) in e:\Pegasus_Project\Pegasus_New_Skin\Pegasus_New_skin\Pegasus_New_skin\PageHelper\PDFTemplateAdminHelper.cs:line 27
   at PegasusTests.Scripts.ClientsTests.EditPDFTemplateNewSkin.editPDFTemplateNewSkin() in e:\Pegasus_Project\Pegasus_New_Skin\Pegasus_New_skin\Pegasus_New_skin\Scripts\NewSkinTaskJira\EditPDFTemplateNewSkin.cs:line 67
</StackTrace>
        </ErrorInfo>
      </Output>
    </UnitTestResult>
    <UnitTestResult executionId="33b2c822-b60e-4799-9010-55b6fb618d34" testId="ccb9ec67-8114-383e-dd53-cd95c6cb6f85" testName="editProductCategoryAdmin" computerName="TESTORIGEN-PC" duration="00:01:42.9144861" startTime="2015-08-17T12:59:40.5892465+05:30" endTime="2015-08-17T13:01:23.5051329+05:30" testType="13cdc9d9-ddb5-4fa4-a97d-d965ccfc6d4b" outcome="Failed" testListId="8c84fa94-04c1-424b-9868-57a2d4851a1d" relativeResultsDirectory="33b2c822-b60e-4799-9010-55b6fb618d34">
      <Output>
        <StdOut>Logged in as: AslamKhan / 1qaz!QAZ
Redirected at Dashboard screen.</StdOut>
        <ErrorInfo>
          <Message>Assert.IsTrue failed. </Message>
          <StackTrace>   at PegasusTests.PageHelper.Comm.DriverHelper.Click(String locator) in e:\Pegasus_Project\Pegasus_New_Skin\Pegasus_New_skin\Pegasus_New_skin\PageHelper\Comm\DriverHelper.cs:line 246
   at PegasusTests.PageHelper.ClientHelperNewSkin.ClickElement(String xmlNode) in e:\Pegasus_Project\Pegasus_New_Skin\Pegasus_New_skin\Pegasus_New_skin\PageHelper\ClientHelperNewSkin.cs:line 62
   at PegasusTests.Scripts.ClientsTests.EditProductCategoryAdmin.editProductCategoryAdmin() in e:\Pegasus_Project\Pegasus_New_Skin\Pegasus_New_skin\Pegasus_New_skin\Scripts\NewSkinTaskJira\EditProductCategoryAdmin.cs:line 69
</StackTrace>
        </ErrorInfo>
      </Output>
    </UnitTestResult>
    <UnitTestResult executionId="efcb4f91-d985-489b-add4-b2f8e3834d27" testId="528af298-d3f3-512b-de3c-5acccc360e09" testName="editThemeAdmin" computerName="TESTORIGEN-PC" duration="00:00:48.0360132" startTime="2015-08-17T13:01:23.5061330+05:30" endTime="2015-08-17T13:02:11.5428805+05:30" testType="13cdc9d9-ddb5-4fa4-a97d-d965ccfc6d4b" outcome="Passed" testListId="8c84fa94-04c1-424b-9868-57a2d4851a1d" relativeResultsDirectory="efcb4f91-d985-489b-add4-b2f8e3834d27">
      <Output>
        <StdOut>Logged in as: AslamKhan / 1qaz!QAZ
Redirected at Dashboard screen.</StdOut>
      </Output>
    </UnitTestResult>
    <UnitTestResult executionId="e78bcfcf-4b2b-460a-a26a-027e00fc74bc" testId="5e9fd44a-6de8-5ecb-2a69-3a2f704dfe51" testName="emailNoteWithRelatedTo" computerName="TESTORIGEN-PC" duration="00:01:15.3009649" startTime="2015-08-17T13:02:11.5438806+05:30" endTime="2015-08-17T13:03:26.8461876+05:30" testType="13cdc9d9-ddb5-4fa4-a97d-d965ccfc6d4b" outcome="Passed" testListId="8c84fa94-04c1-424b-9868-57a2d4851a1d" relativeResultsDirectory="e78bcfcf-4b2b-460a-a26a-027e00fc74bc">
      <Output>
        <StdOut>Logged in as: AslamKhan / 1qaz!QAZ
Redirected at Dashboard screen.</StdOut>
      </Output>
    </UnitTestResult>
    <UnitTestResult executionId="c91b7f40-ba55-4567-8cf0-70e153f2e155" testId="1d16aae0-8198-ec8a-c721-304e80d93e2d" testName="employeeAgentNS" computerName="TESTORIGEN-PC" duration="00:00:44.7593463" startTime="2015-08-17T13:03:26.8461876+05:30" endTime="2015-08-17T13:04:11.6067478+05:30" testType="13cdc9d9-ddb5-4fa4-a97d-d965ccfc6d4b" outcome="Passed" testListId="8c84fa94-04c1-424b-9868-57a2d4851a1d" relativeResultsDirectory="c91b7f40-ba55-4567-8cf0-70e153f2e155">
      <Output>
        <StdOut>Logged in as: AslamKhan / 1qaz!QAZ
Redirected at Dashboard screen.</StdOut>
      </Output>
    </UnitTestResult>
    <UnitTestResult executionId="4e05958b-950f-4fc7-beda-cb8d24e0cf38" testId="2d867b65-2495-6b00-2ae5-923647083fe8" testName="employeeVerifyCanadaCountryCorp" computerName="TESTORIGEN-PC" duration="00:00:37.7176352" startTime="2015-08-17T13:04:11.6067478+05:30" endTime="2015-08-17T13:04:49.3259052+05:30" testType="13cdc9d9-ddb5-4fa4-a97d-d965ccfc6d4b" outcome="Passed" testListId="8c84fa94-04c1-424b-9868-57a2d4851a1d" relativeResultsDirectory="4e05958b-950f-4fc7-beda-cb8d24e0cf38">
      <Output>
        <StdOut>Logged in as: selcorp / seWelcome2
Redirected at Dashboard screen.</StdOut>
      </Output>
    </UnitTestResult>
    <UnitTestResult executionId="5be1ab14-d39c-4bb3-9a10-19b93b4c9d3f" testId="bd289e18-0aba-e287-4d47-1eabbb271e4b" testName="equipentblankValidation" computerName="TESTORIGEN-PC" duration="00:00:58.1703444" startTime="2015-08-17T13:04:49.3259052+05:30" endTime="2015-08-17T13:05:47.4972324+05:30" testType="13cdc9d9-ddb5-4fa4-a97d-d965ccfc6d4b" outcome="Passed" testListId="8c84fa94-04c1-424b-9868-57a2d4851a1d" relativeResultsDirectory="5be1ab14-d39c-4bb3-9a10-19b93b4c9d3f">
      <Output>
        <StdOut>Logged in as: AslamKhan / 1qaz!QAZ
Redirected at Dashboard screen.</StdOut>
      </Output>
    </UnitTestResult>
    <UnitTestResult executionId="aee87283-7ce9-4d00-a5f2-12395c3ab25d" testId="617ba706-c096-7a9b-9f69-68b594e3c13f" testName="exportError" computerName="TESTORIGEN-PC" duration="00:00:40.6803131" startTime="2015-08-17T13:05:47.4982324+05:30" endTime="2015-08-17T13:06:28.1795593+05:30" testType="13cdc9d9-ddb5-4fa4-a97d-d965ccfc6d4b" outcome="Passed" testListId="8c84fa94-04c1-424b-9868-57a2d4851a1d" relativeResultsDirectory="aee87283-7ce9-4d00-a5f2-12395c3ab25d">
      <Output>
        <StdOut>Logged in as: AslamKhan / 1qaz!QAZ
Redirected at Dashboard screen.</StdOut>
      </Output>
    </UnitTestResult>
    <UnitTestResult executionId="91c1004f-882a-4df0-b462-b1b260ac7e35" testId="c78982a8-9ced-9c62-9dd6-9a989909b857" testName="exportingResidualIncomePayoutsReport" computerName="TESTORIGEN-PC" duration="00:00:31.2573238" startTime="2015-08-17T13:06:28.1795593+05:30" endTime="2015-08-17T13:06:59.4383472+05:30" testType="13cdc9d9-ddb5-4fa4-a97d-d965ccfc6d4b" outcome="Failed" testListId="8c84fa94-04c1-424b-9868-57a2d4851a1d" relativeResultsDirectory="91c1004f-882a-4df0-b462-b1b260ac7e35">
      <Output>
        <StdOut>Logged in as: selcorp / seWelcome2
Redirected at Dashboard screen.
Test Origen</StdOut>
        <ErrorInfo>
          <Message>Test method PegasusTests.Scripts.ClientsTests.ExportingResidualIncomePayoutsReport.exportingResidualIncomePayoutsReport threw exception: 
System.IO.DirectoryNotFoundException: Could not find a part of the path 'C:\Test Origens\Test Origen\Downloads'.</Message>
          <StackTrace>    at System.IO.__Error.WinIOError(Int32 errorCode, String maybeFullPath)
   at System.IO.FileSystemEnumerableIterator`1.CommonInit()
   at System.IO.FileSystemEnumerableIterator`1..ctor(String path, String originalUserPath, String searchPattern, SearchOption searchOption, SearchResultHandler`1 resultHandler, Boolean checkHost)
   at System.IO.DirectoryInfo.InternalGetFiles(String searchPattern, SearchOption searchOption)
   at System.IO.DirectoryInfo.GetFiles()
   at PegasusTests.PageHelper.Comm.DriverHelper.Getnewfilename(DirectoryInfo directory) in e:\Pegasus_Project\Pegasus_New_Skin\Pegasus_New_skin\Pegasus_New_skin\PageHelper\Comm\DriverHelper.cs:line 507
   at PegasusTests.Scripts.ClientsTests.ExportingResidualIncomePayoutsReport.exportingResidualIncomePayoutsReport() in e:\Pegasus_Project\Pegasus_New_Skin\Pegasus_New_skin\Pegasus_New_skin\Scripts\NewSkinTaskJira\ExportingResidualIncomePayoutsReport.cs:line 50
</StackTrace>
        </ErrorInfo>
      </Output>
    </UnitTestResult>
    <UnitTestResult executionId="92fcdefe-8b16-4da8-816e-f98916afc190" testId="eb628fe0-b168-762d-b5ad-d893b9241ceb" testName="fDNRequirement" computerName="TESTORIGEN-PC" duration="00:00:31.1732599" startTime="2015-08-17T13:06:59.4383472+05:30" endTime="2015-08-17T13:07:30.6121302+05:30" testType="13cdc9d9-ddb5-4fa4-a97d-d965ccfc6d4b" outcome="Passed" testListId="8c84fa94-04c1-424b-9868-57a2d4851a1d" relativeResultsDirectory="92fcdefe-8b16-4da8-816e-f98916afc190">
      <Output>
        <StdOut>Logged in as: selcorp / seWelcome2</StdOut>
      </Output>
    </UnitTestResult>
    <UnitTestResult executionId="80d6e414-24ab-4a79-a915-e5616d2897ab" testId="cbbc705f-8d77-730b-c90f-840ea85ce6b5" testName="fieldDictionaryFields" computerName="TESTORIGEN-PC" duration="00:00:48.4613665" startTime="2015-08-17T13:07:30.6121302+05:30" endTime="2015-08-17T13:08:19.0749021+05:30" testType="13cdc9d9-ddb5-4fa4-a97d-d965ccfc6d4b" outcome="Passed" testListId="8c84fa94-04c1-424b-9868-57a2d4851a1d" relativeResultsDirectory="80d6e414-24ab-4a79-a915-e5616d2897ab">
      <Output>
        <StdOut>Logged in as: AslamKhan / 1qaz!QAZ
Redirected at Dashboard screen.</StdOut>
      </Output>
    </UnitTestResult>
    <UnitTestResult executionId="08f80844-0d65-44b3-b843-125353964cd5" testId="edef04bd-a724-831a-e61e-253a00794a31" testName="fieldDictionarySection" computerName="TESTORIGEN-PC" duration="00:00:58.7339339" startTime="2015-08-17T13:08:19.0759022+05:30" endTime="2015-08-17T13:09:17.8112617+05:30" testType="13cdc9d9-ddb5-4fa4-a97d-d965ccfc6d4b" outcome="Passed" testListId="8c84fa94-04c1-424b-9868-57a2d4851a1d" relativeResultsDirectory="08f80844-0d65-44b3-b843-125353964cd5">
      <Output>
        <StdOut>Logged in as: AslamKhan / 1qaz!QAZ
Redirected at Dashboard screen.</StdOut>
      </Output>
    </UnitTestResult>
    <UnitTestResult executionId="77c59e2d-227d-4bc3-9c07-10366ec52973" testId="2d253a23-3463-fd76-6ddd-236d53ba488c" testName="fieldDisError" computerName="TESTORIGEN-PC" duration="00:00:55.6530185" startTime="2015-08-17T13:09:17.8112617+05:30" endTime="2015-08-17T13:10:13.4654449+05:30" testType="13cdc9d9-ddb5-4fa4-a97d-d965ccfc6d4b" outcome="Passed" testListId="8c84fa94-04c1-424b-9868-57a2d4851a1d" relativeResultsDirectory="77c59e2d-227d-4bc3-9c07-10366ec52973">
      <Output>
        <StdOut>Logged in as: AslamKhan / 1qaz!QAZ
Redirected at Dashboard screen.</StdOut>
      </Output>
    </UnitTestResult>
    <UnitTestResult executionId="50f5e298-9b7a-4a6f-944c-c90a895e2c2d" testId="43feec16-716a-52d5-64d7-9505552411d8" testName="filterIssue" computerName="TESTORIGEN-PC" duration="00:00:47.8900191" startTime="2015-08-17T13:10:13.4664450+05:30" endTime="2015-08-17T13:11:01.3571841+05:30" testType="13cdc9d9-ddb5-4fa4-a97d-d965ccfc6d4b" outcome="Passed" testListId="8c84fa94-04c1-424b-9868-57a2d4851a1d" relativeResultsDirectory="50f5e298-9b7a-4a6f-944c-c90a895e2c2d">
      <Output>
        <StdOut>Logged in as: AslamKhan / 1qaz!QAZ
Redirected at Dashboard screen.</StdOut>
      </Output>
    </UnitTestResult>
    <UnitTestResult executionId="8695daf4-0345-420a-bcd2-874f932caf55" testId="c764d31d-6d2c-1690-06ba-3a8dbe6f5506" testName="getDeafultRatesAndFeesClient" computerName="TESTORIGEN-PC" duration="00:01:10.6197068" startTime="2015-08-17T13:11:01.3581842+05:30" endTime="2015-08-17T13:12:11.9792235+05:30" testType="13cdc9d9-ddb5-4fa4-a97d-d965ccfc6d4b" outcome="Passed" testListId="8c84fa94-04c1-424b-9868-57a2d4851a1d" relativeResultsDirectory="8695daf4-0345-420a-bcd2-874f932caf55">
      <Output>
        <StdOut>Logged in as: AslamKhan / 1qaz!QAZ
Redirected at Dashboard screen.</StdOut>
      </Output>
    </UnitTestResult>
    <UnitTestResult executionId="22f21dd8-0a19-4bc6-a08d-16e5f9b148f5" testId="7a0c99c6-dfd6-0b05-cb02-fd3f5421c817" testName="getDeafultRatesAndFeesLead" computerName="TESTORIGEN-PC" duration="00:01:23.8909183" startTime="2015-08-17T13:12:11.9792235+05:30" endTime="2015-08-17T13:13:35.8720219+05:30" testType="13cdc9d9-ddb5-4fa4-a97d-d965ccfc6d4b" outcome="Passed" testListId="8c84fa94-04c1-424b-9868-57a2d4851a1d" relativeResultsDirectory="22f21dd8-0a19-4bc6-a08d-16e5f9b148f5">
      <Output>
        <StdOut>Logged in as: AslamKhan / 1qaz!QAZ
Redirected at Dashboard screen.</StdOut>
      </Output>
    </UnitTestResult>
    <UnitTestResult executionId="daebd45b-f0c7-46e0-b8c2-e9d65803a2cf" testId="63e6ddf6-6d47-635b-8f55-cfa38bba6a58" testName="integrationCodeAPICancel" computerName="TESTORIGEN-PC" duration="00:00:36.9160414" startTime="2015-08-17T13:13:35.8720219+05:30" endTime="2015-08-17T13:14:12.7891334+05:30" testType="13cdc9d9-ddb5-4fa4-a97d-d965ccfc6d4b" outcome="Passed" testListId="8c84fa94-04c1-424b-9868-57a2d4851a1d" relativeResultsDirectory="daebd45b-f0c7-46e0-b8c2-e9d65803a2cf">
      <Output>
        <StdOut>Logged in as: AslamKhan / 1qaz!QAZ
Redirected at Dashboard screen.</StdOut>
      </Output>
    </UnitTestResult>
    <UnitTestResult executionId="993b4755-d702-40c7-ab1c-ea06141bbe0b" testId="179132fd-5ba3-26e4-cb9f-a1490311c68a" testName="languageNameValidation" computerName="TESTORIGEN-PC" duration="00:00:35.3555246" startTime="2015-08-17T13:14:12.7891334+05:30" endTime="2015-08-17T13:14:48.1461557+05:30" testType="13cdc9d9-ddb5-4fa4-a97d-d965ccfc6d4b" outcome="Passed" testListId="8c84fa94-04c1-424b-9868-57a2d4851a1d" relativeResultsDirectory="993b4755-d702-40c7-ab1c-ea06141bbe0b">
      <Output>
        <StdOut>Logged in as: selcorp / seWelcome2</StdOut>
      </Output>
    </UnitTestResult>
    <UnitTestResult executionId="d6d74853-2e6f-466b-9406-baef58adc213" testId="8eefc766-a448-61a7-bf35-498604dbd956" testName="lastActivityBy" computerName="TESTORIGEN-PC" duration="00:00:37.6879636" startTime="2015-08-17T13:14:48.1461557+05:30" endTime="2015-08-17T13:15:25.8353114+05:30" testType="13cdc9d9-ddb5-4fa4-a97d-d965ccfc6d4b" outcome="Passed" testListId="8c84fa94-04c1-424b-9868-57a2d4851a1d" relativeResultsDirectory="d6d74853-2e6f-466b-9406-baef58adc213">
      <Output>
        <StdOut>Logged in as: AslamKhan / 1qaz!QAZ
Redirected at Dashboard screen.</StdOut>
      </Output>
    </UnitTestResult>
    <UnitTestResult executionId="f8b690e4-33ab-49a5-b257-762c0040db12" testId="1fbab88a-a951-0930-398b-46e59a881ed9" testName="lastLoginTime" computerName="TESTORIGEN-PC" duration="00:02:47.5542500" startTime="2015-08-17T13:15:25.8353114+05:30" endTime="2015-08-17T13:18:13.3928952+05:30" testType="13cdc9d9-ddb5-4fa4-a97d-d965ccfc6d4b" outcome="Passed" testListId="8c84fa94-04c1-424b-9868-57a2d4851a1d" relativeResultsDirectory="f8b690e4-33ab-49a5-b257-762c0040db12">
      <Output>
        <StdOut>Logged in as: AslamKhan / 1qaz!QAZ
Redirected at Dashboard screen.</StdOut>
      </Output>
    </UnitTestResult>
    <UnitTestResult executionId="687e8d7e-5d8d-4ffd-b38f-c33b0f5a72fa" testId="67130848-8d29-fb6b-b278-4525f9656177" testName="LoginWithoutCredentials" computerName="TESTORIGEN-PC" duration="00:00:17.0366758" startTime="2015-08-17T13:18:13.3928952+05:30" endTime="2015-08-17T13:18:30.4308697+05:30" testType="13cdc9d9-ddb5-4fa4-a97d-d965ccfc6d4b" outcome="Passed" testListId="8c84fa94-04c1-424b-9868-57a2d4851a1d" relativeResultsDirectory="687e8d7e-5d8d-4ffd-b38f-c33b0f5a72fa">
      <Output>
        <StdOut>Logged in as:  /</StdOut>
      </Output>
    </UnitTestResult>
    <UnitTestResult executionId="08836a53-99c0-40d3-8a14-ae65a5ae91f2" testId="dc1b77c4-a079-b195-44dd-9a09327e84a4" testName="loginWithInvalidPassword" computerName="TESTORIGEN-PC" duration="00:00:18.9263493" startTime="2015-08-17T13:18:30.4308697+05:30" endTime="2015-08-17T13:18:49.3579523+05:30" testType="13cdc9d9-ddb5-4fa4-a97d-d965ccfc6d4b" outcome="Passed" testListId="8c84fa94-04c1-424b-9868-57a2d4851a1d" relativeResultsDirectory="08836a53-99c0-40d3-8a14-ae65a5ae91f2">
      <Output>
        <StdOut>Logged in as: AslamKhan / 123456</StdOut>
      </Output>
    </UnitTestResult>
    <UnitTestResult executionId="c950ecc5-5701-40b9-9e02-e912d44de789" testId="de165dae-914e-4422-2822-24f4c70bda69" testName="loginWithValidCredentials" computerName="TESTORIGEN-PC" duration="00:00:41.1346305" startTime="2015-08-17T13:18:49.3579523+05:30" endTime="2015-08-17T13:19:30.4933051+05:30" testType="13cdc9d9-ddb5-4fa4-a97d-d965ccfc6d4b" outcome="Passed" testListId="8c84fa94-04c1-424b-9868-57a2d4851a1d" relativeResultsDirectory="c950ecc5-5701-40b9-9e02-e912d44de789">
      <Output>
        <StdOut>Logged in as: AslamKhan / 1qaz!QAZ</StdOut>
      </Output>
    </UnitTestResult>
    <UnitTestResult executionId="419ddf83-8be6-4dce-9446-b52cdf40908c" testId="00f9cdc5-9889-d926-0bad-11b23b236c3f" testName="loginError1" computerName="TESTORIGEN-PC" duration="00:00:19.4249225" startTime="2015-08-17T13:19:30.4933051+05:30" endTime="2015-08-17T13:19:49.9194162+05:30" testType="13cdc9d9-ddb5-4fa4-a97d-d965ccfc6d4b" outcome="Passed" testListId="8c84fa94-04c1-424b-9868-57a2d4851a1d" relativeResultsDirectory="419ddf83-8be6-4dce-9446-b52cdf40908c" />
    <UnitTestResult executionId="e0b872ff-0ed2-45f7-b4be-7980b1af7662" testId="782feb05-67fd-7632-1e20-28560561ac30" testName="loginError2" computerName="TESTORIGEN-PC" duration="00:00:21.9539373" startTime="2015-08-17T13:19:49.9194162+05:30" endTime="2015-08-17T13:20:11.8736719+05:30" testType="13cdc9d9-ddb5-4fa4-a97d-d965ccfc6d4b" outcome="Passed" testListId="8c84fa94-04c1-424b-9868-57a2d4851a1d" relativeResultsDirectory="e0b872ff-0ed2-45f7-b4be-7980b1af7662" />
    <UnitTestResult executionId="568cfa32-c542-4e29-ac85-1cbaa2a10f41" testId="61a86122-7f41-1b3b-0dce-a572a35bb1f0" testName="makeStatusActivePDFTemplate" computerName="TESTORIGEN-PC" duration="00:01:03.2770745" startTime="2015-08-17T13:20:11.8746719+05:30" endTime="2015-08-17T13:21:15.1522912+05:30" testType="13cdc9d9-ddb5-4fa4-a97d-d965ccfc6d4b" outcome="Passed" testListId="8c84fa94-04c1-424b-9868-57a2d4851a1d" relativeResultsDirectory="568cfa32-c542-4e29-ac85-1cbaa2a10f41">
      <Output>
        <StdOut>Logged in as: AslamKhan / 1qaz!QAZ
Redirected at Dashboard screen.</StdOut>
      </Output>
    </UnitTestResult>
    <UnitTestResult executionId="11c10e46-433f-41a9-8d58-c55a460e4932" testId="5f6db988-9e27-99df-78d0-9401cb72dead" testName="makeStatusActivePDFTemplateCorp" computerName="TESTORIGEN-PC" duration="00:00:40.6123379" startTime="2015-08-17T13:21:15.1532913+05:30" endTime="2015-08-17T13:21:55.7666142+05:30" testType="13cdc9d9-ddb5-4fa4-a97d-d965ccfc6d4b" outcome="Passed" testListId="8c84fa94-04c1-424b-9868-57a2d4851a1d" relativeResultsDirectory="11c10e46-433f-41a9-8d58-c55a460e4932">
      <Output>
        <StdOut>Logged in as: selcorp / seWelcome2
Redirected at Dashboard screen.</StdOut>
      </Output>
    </UnitTestResult>
    <UnitTestResult executionId="c228a050-1282-42f4-abfc-56130a6bb01c" testId="83503731-03a4-55ae-a1b7-209f2d17cf50" testName="makeStatusInactivePDFTemplate" computerName="TESTORIGEN-PC" duration="00:01:11.2367842" startTime="2015-08-17T13:21:55.7666142+05:30" endTime="2015-08-17T13:23:07.0296902+05:30" testType="13cdc9d9-ddb5-4fa4-a97d-d965ccfc6d4b" outcome="Passed" testListId="8c84fa94-04c1-424b-9868-57a2d4851a1d" relativeResultsDirectory="c228a050-1282-42f4-abfc-56130a6bb01c">
      <Output>
        <StdOut>Logged in as: AslamKhan / 1qaz!QAZ
Redirected at Dashboard screen.</StdOut>
      </Output>
    </UnitTestResult>
    <UnitTestResult executionId="183c5b3c-d616-4e38-a575-2c5422b5f04e" testId="706f6464-cf6f-386b-654d-e1a1f4265be9" testName="makeStatusInActivePDFTemplateCorp" computerName="TESTORIGEN-PC" duration="00:00:39.6950638" startTime="2015-08-17T13:23:07.0296902+05:30" endTime="2015-08-17T13:23:46.7259607+05:30" testType="13cdc9d9-ddb5-4fa4-a97d-d965ccfc6d4b" outcome="Passed" testListId="8c84fa94-04c1-424b-9868-57a2d4851a1d" relativeResultsDirectory="183c5b3c-d616-4e38-a575-2c5422b5f04e">
      <Output>
        <StdOut>Logged in as: selcorp / seWelcome2
Redirected at Dashboard screen.</StdOut>
      </Output>
    </UnitTestResult>
    <UnitTestResult executionId="78ad6603-6dd5-4b9f-aefb-80af058b74d2" testId="df466ade-c6d2-b9fa-f72f-9975d8f2b31c" testName="manageUser" computerName="TESTORIGEN-PC" duration="00:00:36.9214048" startTime="2015-08-17T13:23:46.7259607+05:30" endTime="2015-08-17T13:24:23.6490726+05:30" testType="13cdc9d9-ddb5-4fa4-a97d-d965ccfc6d4b" outcome="Passed" testListId="8c84fa94-04c1-424b-9868-57a2d4851a1d" relativeResultsDirectory="78ad6603-6dd5-4b9f-aefb-80af058b74d2">
      <Output>
        <StdOut>Logged in as: AslamKhan / 1qaz!QAZ
Redirected at Dashboard screen.</StdOut>
      </Output>
    </UnitTestResult>
    <UnitTestResult executionId="3a4ae958-ccf5-44d9-a6ef-57b6b79575bc" testId="a7bed229-25cb-7101-c7f8-ddc9844f1379" testName="masterDataProcessorPushToOfficeNewSkin" computerName="TESTORIGEN-PC" duration="00:01:25.6569288" startTime="2015-08-17T13:24:23.6490726+05:30" endTime="2015-08-17T13:25:49.3079720+05:30" testType="13cdc9d9-ddb5-4fa4-a97d-d965ccfc6d4b" outcome="Passed" testListId="8c84fa94-04c1-424b-9868-57a2d4851a1d" relativeResultsDirectory="3a4ae958-ccf5-44d9-a6ef-57b6b79575bc">
      <Output>
        <StdOut>Redirected at Dashboard screen.
Logged in as: AslamKhan / 1qaz!QAZ
Redirected at Dashboard screen.</StdOut>
      </Output>
    </UnitTestResult>
    <UnitTestResult executionId="afb713ad-f186-4074-a220-ba726763c0e2" testId="5e20d9b5-f0ad-1d62-4d91-96f6546f63a6" testName="merchantTabCorp" computerName="TESTORIGEN-PC" duration="00:00:32.9881165" startTime="2015-08-17T13:25:49.3079720+05:30" endTime="2015-08-17T13:26:22.2978589+05:30" testType="13cdc9d9-ddb5-4fa4-a97d-d965ccfc6d4b" outcome="Passed" testListId="8c84fa94-04c1-424b-9868-57a2d4851a1d" relativeResultsDirectory="afb713ad-f186-4074-a220-ba726763c0e2">
      <Output>
        <StdOut>Logged in as: selcorp / seWelcome2
Redirected at Dashboard screen.</StdOut>
      </Output>
    </UnitTestResult>
    <UnitTestResult executionId="627dc5d4-4fbd-4a82-98a6-b4982c85bbdb" testId="13e5e39f-d3aa-aca5-fc9c-2a24f6007de4" testName="mouseOverTheButtonOpportunities" computerName="TESTORIGEN-PC" duration="00:00:45.1606094" startTime="2015-08-17T13:26:22.2978589+05:30" endTime="2015-08-17T13:27:07.4594420+05:30" testType="13cdc9d9-ddb5-4fa4-a97d-d965ccfc6d4b" outcome="Passed" testListId="8c84fa94-04c1-424b-9868-57a2d4851a1d" relativeResultsDirectory="627dc5d4-4fbd-4a82-98a6-b4982c85bbdb">
      <Output>
        <StdOut>Logged in as: AslamKhan / 1qaz!QAZ
Redirected at Dashboard screen.</StdOut>
      </Output>
    </UnitTestResult>
    <UnitTestResult executionId="a888bbb6-3853-4fa0-9ad1-fe84ba2946c4" testId="5af9ade2-ea2c-04bc-ffae-7c8140d0bb14" testName="officeUserSkin" computerName="TESTORIGEN-PC" duration="00:01:12.0292639" startTime="2015-08-17T13:27:07.4594420+05:30" endTime="2015-08-17T13:28:19.4905620+05:30" testType="13cdc9d9-ddb5-4fa4-a97d-d965ccfc6d4b" outcome="Passed" testListId="8c84fa94-04c1-424b-9868-57a2d4851a1d" relativeResultsDirectory="a888bbb6-3853-4fa0-9ad1-fe84ba2946c4">
      <Output>
        <StdOut>Username = Office201508171327293986
Logged in as: selcorp / seWelcome2
Redirected at Dashboard screen.</StdOut>
      </Output>
    </UnitTestResult>
    <UnitTestResult executionId="c598ba18-06fb-4d77-8cbe-3c50a60e6cd3" testId="eadda4a2-22ba-dbff-38a8-88770061fee4" testName="one000Added" computerName="TESTORIGEN-PC" duration="00:00:41.8445744" startTime="2015-08-17T13:28:19.4905620+05:30" endTime="2015-08-17T13:29:01.3369555+05:30" testType="13cdc9d9-ddb5-4fa4-a97d-d965ccfc6d4b" outcome="Passed" testListId="8c84fa94-04c1-424b-9868-57a2d4851a1d" relativeResultsDirectory="c598ba18-06fb-4d77-8cbe-3c50a60e6cd3">
      <Output>
        <StdOut>Logged in as: AslamKhan / 1qaz!QAZ
Redirected at Dashboard screen.</StdOut>
      </Output>
    </UnitTestResult>
    <UnitTestResult executionId="333ef12d-8c7c-4068-aa4f-e0e5866338a7" testId="f605c45e-87c0-dc86-8596-ae6c099891b8" testName="opportunititySubjectFiledValidateBlank" computerName="TESTORIGEN-PC" duration="00:01:20.4847281" startTime="2015-08-17T13:29:01.3369555+05:30" endTime="2015-08-17T13:30:21.8235590+05:30" testType="13cdc9d9-ddb5-4fa4-a97d-d965ccfc6d4b" outcome="Passed" testListId="8c84fa94-04c1-424b-9868-57a2d4851a1d" relativeResultsDirectory="333ef12d-8c7c-4068-aa4f-e0e5866338a7">
      <Output>
        <StdOut>Logged in as: AslamKhan / 1qaz!QAZ
Redirected at Dashboard screen.</StdOut>
      </Output>
    </UnitTestResult>
    <UnitTestResult executionId="94a4ddeb-f126-4bb5-be8a-688cb786fbb1" testId="28681467-a4d0-2974-d4e5-0c3c3a9c633e" testName="oppourtunitiesVerifyCanadaCountry" computerName="TESTORIGEN-PC" duration="00:01:26.1459256" startTime="2015-08-17T13:30:21.8235590+05:30" endTime="2015-08-17T13:31:47.9714864+05:30" testType="13cdc9d9-ddb5-4fa4-a97d-d965ccfc6d4b" outcome="Passed" testListId="8c84fa94-04c1-424b-9868-57a2d4851a1d" relativeResultsDirectory="94a4ddeb-f126-4bb5-be8a-688cb786fbb1">
      <Output>
        <StdOut>Logged in as: AslamKhan / 1qaz!QAZ
Redirected at Dashboard screen.</StdOut>
      </Output>
    </UnitTestResult>
    <UnitTestResult executionId="1e5b6ed3-fc3c-403f-ae44-903f5d573246" testId="d34b6683-bb07-58cf-b151-d6cadf33dd5a" testName="partnerAgentWithUserNewSkin" computerName="TESTORIGEN-PC" duration="00:01:55.5822534" startTime="2015-08-17T13:31:47.9714864+05:30" endTime="2015-08-17T13:33:43.5560975+05:30" testType="13cdc9d9-ddb5-4fa4-a97d-d965ccfc6d4b" outcome="Failed" testListId="8c84fa94-04c1-424b-9868-57a2d4851a1d" relativeResultsDirectory="1e5b6ed3-fc3c-403f-ae44-903f5d573246">
      <Output>
        <StdOut>Logged in as: AslamKhan / 1qaz!QAZ
Redirected at Dashboard screen.</StdOut>
        <ErrorInfo>
          <Message>Assert.IsTrue failed. </Message>
          <StackTrace>   at PegasusTests.PageHelper.Comm.DriverHelper.Click(String locator) in e:\Pegasus_Project\Pegasus_New_Skin\Pegasus_New_skin\Pegasus_New_skin\PageHelper\Comm\DriverHelper.cs:line 246
   at PegasusTests.PageHelper.PartnerAgentHelperNewSkin.ClickElement(String xmlNode) in e:\Pegasus_Project\Pegasus_New_Skin\Pegasus_New_skin\Pegasus_New_skin\PageHelper\PartnerAgentHelperNewSkin.cs:line 57
   at PegasusTests.Scripts.ClientsTests.PartnerAgentWithUserNewSkin.partnerAgentWithUserNewSkin() in e:\Pegasus_Project\Pegasus_New_Skin\Pegasus_New_skin\Pegasus_New_skin\Scripts\NewSkinTaskJira\PartnerAgentWithUserNewSkin.cs:line 50
</StackTrace>
        </ErrorInfo>
      </Output>
    </UnitTestResult>
    <UnitTestResult executionId="28b4f694-dde5-4fb7-966f-1831dd5ac42a" testId="b71aa315-b78f-eef4-0694-b4f830ca4638" testName="pDFPackageWithRule" computerName="TESTORIGEN-PC" duration="00:01:24.7364434" startTime="2015-08-17T13:33:43.5560975+05:30" endTime="2015-08-17T13:35:08.2949443+05:30" testType="13cdc9d9-ddb5-4fa4-a97d-d965ccfc6d4b" outcome="Passed" testListId="8c84fa94-04c1-424b-9868-57a2d4851a1d" relativeResultsDirectory="28b4f694-dde5-4fb7-966f-1831dd5ac42a">
      <Output>
        <StdOut>Logged in as: AslamKhan / 1qaz!QAZ
Redirected at Dashboard screen.</StdOut>
      </Output>
    </UnitTestResult>
    <UnitTestResult executionId="f67b3145-56d8-403e-bb9c-afbf75dab735" testId="01d587a3-54d4-4f55-fb46-d70116d3064b" testName="permanentlyDeleteDocumentNewSkin" computerName="TESTORIGEN-PC" duration="00:01:10.5634420" startTime="2015-08-17T13:35:08.2949443+05:30" endTime="2015-08-17T13:36:18.8599803+05:30" testType="13cdc9d9-ddb5-4fa4-a97d-d965ccfc6d4b" outcome="Failed" testListId="8c84fa94-04c1-424b-9868-57a2d4851a1d" relativeResultsDirectory="f67b3145-56d8-403e-bb9c-afbf75dab735">
      <Output>
        <StdOut>Logged in as: AslamKhan / 1qaz!QAZ
Redirected at Dashboard screen.</StdOut>
        <ErrorInfo>
          <Message>Assert.IsTrue failed. Text String: Document saved successfully.Not Found.</Message>
          <StackTrace>   at PegasusTests.PageHelper.Comm.DriverHelper.VerifyPageText(String text) in e:\Pegasus_Project\Pegasus_New_Skin\Pegasus_New_skin\Pegasus_New_skin\PageHelper\Comm\DriverHelper.cs:line 419
   at PegasusTests.Scripts.ClientsTests.PermanentlyDeleteDocumentNewSkin.permanentlyDeleteDocumentNewSkin() in e:\Pegasus_Project\Pegasus_New_Skin\Pegasus_New_skin\Pegasus_New_skin\Scripts\NewSkinTaskJira\PermanentlyDeleteDocumentNewSkin.cs:line 65
</StackTrace>
        </ErrorInfo>
      </Output>
    </UnitTestResult>
    <UnitTestResult executionId="2d368ec0-0917-4654-8cb0-cfe623a9551a" testId="77fc25e2-ec9d-2905-8293-8627f567792d" testName="permanentlyDeletePDFTemplate" computerName="TESTORIGEN-PC" duration="00:01:30.1372410" startTime="2015-08-17T13:36:18.8599803+05:30" endTime="2015-08-17T13:37:49.0001361+05:30" testType="13cdc9d9-ddb5-4fa4-a97d-d965ccfc6d4b" outcome="Passed" testListId="8c84fa94-04c1-424b-9868-57a2d4851a1d" relativeResultsDirectory="2d368ec0-0917-4654-8cb0-cfe623a9551a">
      <Output>
        <StdOut>Logged in as: AslamKhan / 1qaz!QAZ
Redirected at Dashboard screen.</StdOut>
      </Output>
    </UnitTestResult>
    <UnitTestResult executionId="dccd8c26-34a4-4d6d-ba29-6ecad3e6067e" testId="af2876a4-fd94-b4f6-f658-3d4815f2f997" testName="permanentlyDeletePDFTemplateCorp" computerName="TESTORIGEN-PC" duration="00:01:08.2523077" startTime="2015-08-17T13:37:49.0001361+05:30" endTime="2015-08-17T13:38:57.2540400+05:30" testType="13cdc9d9-ddb5-4fa4-a97d-d965ccfc6d4b" outcome="Passed" testListId="8c84fa94-04c1-424b-9868-57a2d4851a1d" relativeResultsDirectory="dccd8c26-34a4-4d6d-ba29-6ecad3e6067e">
      <Output>
        <StdOut>Logged in as: selcorp / seWelcome2
Redirected at Dashboard screen.</StdOut>
      </Output>
    </UnitTestResult>
    <UnitTestResult executionId="96e27494-54bd-413f-a9fb-ab95d2beac5f" testId="ef6fb460-d28a-fd98-c37f-f1af9aa2c839" testName="processorDeleteTypo" computerName="TESTORIGEN-PC" duration="00:00:25.5251591" startTime="2015-08-17T13:38:57.2540400+05:30" endTime="2015-08-17T13:39:22.7805000+05:30" testType="13cdc9d9-ddb5-4fa4-a97d-d965ccfc6d4b" outcome="Passed" testListId="8c84fa94-04c1-424b-9868-57a2d4851a1d" relativeResultsDirectory="96e27494-54bd-413f-a9fb-ab95d2beac5f">
      <Output>
        <StdOut>Logged in as: selcorp / seWelcome2
Alert Text  = Are you sure you want to delete this processor permanently?</StdOut>
      </Output>
    </UnitTestResult>
    <UnitTestResult executionId="ce4d8cc4-33b7-4133-bb41-149e977fbc3b" testId="b6306e6c-8c6c-90f4-8797-ba802e71e571" testName="productIpage" computerName="TESTORIGEN-PC" duration="00:01:37.9191790" startTime="2015-08-17T13:39:22.7805000+05:30" endTime="2015-08-17T13:41:00.7011007+05:30" testType="13cdc9d9-ddb5-4fa4-a97d-d965ccfc6d4b" outcome="Passed" testListId="8c84fa94-04c1-424b-9868-57a2d4851a1d" relativeResultsDirectory="ce4d8cc4-33b7-4133-bb41-149e977fbc3b">
      <Output>
        <StdOut>Logged in as: AslamKhan / 1qaz!QAZ
Redirected at Dashboard screen.</StdOut>
      </Output>
    </UnitTestResult>
    <UnitTestResult executionId="bd062888-8846-43ec-96ef-546ae4afdf88" testId="a8acc4ab-d299-0439-c67e-545042c55835" testName="profilePictureChange" computerName="TESTORIGEN-PC" duration="00:01:27.5117144" startTime="2015-08-17T13:41:00.7011007+05:30" endTime="2015-08-17T13:42:28.2151062+05:30" testType="13cdc9d9-ddb5-4fa4-a97d-d965ccfc6d4b" outcome="Passed" testListId="8c84fa94-04c1-424b-9868-57a2d4851a1d" relativeResultsDirectory="bd062888-8846-43ec-96ef-546ae4afdf88">
      <Output>
        <StdOut>Logged in as: AslamKhan / 1qaz!QAZ
Redirected at Dashboard screen.</StdOut>
      </Output>
    </UnitTestResult>
    <UnitTestResult executionId="dbeed1b5-512e-45e9-9bea-bbd1d14bb74e" testId="b78827d8-091b-ecc5-bea1-9b48eb19c48d" testName="profileViewOfClientLeadAndOpportunities" computerName="TESTORIGEN-PC" duration="00:01:22.6677680" startTime="2015-08-17T13:42:28.2151062+05:30" endTime="2015-08-17T13:43:50.8848347+05:30" testType="13cdc9d9-ddb5-4fa4-a97d-d965ccfc6d4b" outcome="Passed" testListId="8c84fa94-04c1-424b-9868-57a2d4851a1d" relativeResultsDirectory="dbeed1b5-512e-45e9-9bea-bbd1d14bb74e">
      <Output>
        <StdOut>Logged in as: AslamKhan / 1qaz!QAZ
Redirected at Dashboard screen.</StdOut>
      </Output>
    </UnitTestResult>
    <UnitTestResult executionId="7e071059-2d1d-467f-835a-2fdf2a0ceaf1" testId="98aa579b-67c4-4c42-27da-293ba5bde350" testName="rateAndFeesPushToOfficeBtn" computerName="TESTORIGEN-PC" duration="00:00:25.5216807" startTime="2015-08-17T13:43:50.8848347+05:30" endTime="2015-08-17T13:44:16.4082945+05:30" testType="13cdc9d9-ddb5-4fa4-a97d-d965ccfc6d4b" outcome="Passed" testListId="8c84fa94-04c1-424b-9868-57a2d4851a1d" relativeResultsDirectory="7e071059-2d1d-467f-835a-2fdf2a0ceaf1">
      <Output>
        <StdOut>Redirected at Dashboard screen.</StdOut>
      </Output>
    </UnitTestResult>
    <UnitTestResult executionId="7a4ba4a8-e203-488e-aec0-829d40ae1bd4" testId="502b6528-7298-650e-7265-0c19aa4aebac" testName="relpacePDFForPDFTemplate" computerName="TESTORIGEN-PC" duration="00:01:35.1298927" startTime="2015-08-17T13:44:16.4082945+05:30" endTime="2015-08-17T13:45:51.5397358+05:30" testType="13cdc9d9-ddb5-4fa4-a97d-d965ccfc6d4b" outcome="Passed" testListId="8c84fa94-04c1-424b-9868-57a2d4851a1d" relativeResultsDirectory="7a4ba4a8-e203-488e-aec0-829d40ae1bd4">
      <Output>
        <StdOut>Logged in as: AslamKhan / 1qaz!QAZ
Redirected at Dashboard screen.</StdOut>
      </Output>
    </UnitTestResult>
    <UnitTestResult executionId="f0d673cd-69f2-4056-a31b-84a8531ef27e" testId="50438204-9549-5f7f-cf49-02e23aee24c6" testName="rememberMeLoginPage" computerName="TESTORIGEN-PC" duration="00:00:54.2613930" startTime="2015-08-17T13:45:51.5397358+05:30" endTime="2015-08-17T13:46:45.8028394+05:30" testType="13cdc9d9-ddb5-4fa4-a97d-d965ccfc6d4b" outcome="Passed" testListId="8c84fa94-04c1-424b-9868-57a2d4851a1d" relativeResultsDirectory="f0d673cd-69f2-4056-a31b-84a8531ef27e" />
    <UnitTestResult executionId="49c44e23-8c4f-4fcb-981a-70bed3ebd46f" testId="8851649a-f839-f479-0e9f-9da6fcc50910" testName="reportPDFBroken" computerName="TESTORIGEN-PC" duration="00:00:58.3949514" startTime="2015-08-17T13:46:45.8028394+05:30" endTime="2015-08-17T13:47:44.1991795+05:30" testType="13cdc9d9-ddb5-4fa4-a97d-d965ccfc6d4b" outcome="Failed" testListId="8c84fa94-04c1-424b-9868-57a2d4851a1d" relativeResultsDirectory="49c44e23-8c4f-4fcb-981a-70bed3ebd46f">
      <Output>
        <StdOut>Logged in as: AslamKhan / 1qaz!QAZ
Redirected at Dashboard screen.</StdOut>
        <ErrorInfo>
          <Message>Assert.IsTrue failed. </Message>
          <StackTrace>   at PegasusTests.PageHelper.PartnerAgentHelperNewSkin.verifyElementPresent(String field) in e:\Pegasus_Project\Pegasus_New_Skin\Pegasus_New_skin\Pegasus_New_skin\PageHelper\PartnerAgentHelperNewSkin.cs:line 143
   at PegasusTests.Scripts.ClientsTests.ReportPDFBroken.reportPDFBroken() in e:\Pegasus_Project\Pegasus_New_Skin\Pegasus_New_skin\Pegasus_New_skin\Scripts\NewSkinTaskJira\ReportPDFBroken.cs:line 45
</StackTrace>
        </ErrorInfo>
      </Output>
    </UnitTestResult>
    <UnitTestResult executionId="a0bb91c9-ef75-4ff8-8cd9-0dbb150c2736" testId="ed9acd65-5d89-d337-f186-88ec760e8d6f" testName="residualAdjustmentTool" computerName="TESTORIGEN-PC" duration="00:00:28.7079631" startTime="2015-08-17T13:47:44.2001796+05:30" endTime="2015-08-17T13:48:12.9088216+05:30" testType="13cdc9d9-ddb5-4fa4-a97d-d965ccfc6d4b" outcome="Failed" testListId="8c84fa94-04c1-424b-9868-57a2d4851a1d" relativeResultsDirectory="a0bb91c9-ef75-4ff8-8cd9-0dbb150c2736">
      <Output>
        <StdOut>Logged in as: selcorp / seWelcome2
Redirected at Dashboard screen.</StdOut>
        <ErrorInfo>
          <Message>Assert.IsFalse failed. </Message>
          <StackTrace>   at PegasusTests.PageHelper.PartnerAgentHelperNewSkin.verifyElementNotPresent(String field) in e:\Pegasus_Project\Pegasus_New_Skin\Pegasus_New_skin\Pegasus_New_skin\PageHelper\PartnerAgentHelperNewSkin.cs:line 150
   at PegasusTests.Scripts.ClientsTests.ResidualAdjustmentTool.residualAdjustmentTool() in e:\Pegasus_Project\Pegasus_New_Skin\Pegasus_New_skin\Pegasus_New_skin\Scripts\NewSkinTaskJira\ResidualAdjustmentTool.cs:line 60
</StackTrace>
        </ErrorInfo>
      </Output>
    </UnitTestResult>
    <UnitTestResult executionId="1a633951-89d3-4196-bdb1-98cbca1df7dc" testId="1fd24e76-507d-94d2-c9e5-6623e6d845ca" testName="residualAdjustmentTool1" computerName="TESTORIGEN-PC" duration="00:00:40.7673141" startTime="2015-08-17T13:48:12.9088216+05:30" endTime="2015-08-17T13:48:53.6771534+05:30" testType="13cdc9d9-ddb5-4fa4-a97d-d965ccfc6d4b" outcome="Passed" testListId="8c84fa94-04c1-424b-9868-57a2d4851a1d" relativeResultsDirectory="1a633951-89d3-4196-bdb1-98cbca1df7dc">
      <Output>
        <StdOut>Logged in as: AslamKhan / 1qaz!QAZ
Redirected at Dashboard screen.</StdOut>
      </Output>
    </UnitTestResult>
    <UnitTestResult executionId="97a52997-6880-4d58-8c61-dc70d017c81f" testId="576e3e55-38df-126f-cc0a-8fd704b107bc" testName="residualIncomeOfficeAdjustmentToolAgentsFlat" computerName="TESTORIGEN-PC" duration="00:00:54.8246037" startTime="2015-08-17T13:48:53.6781535+05:30" endTime="2015-08-17T13:49:48.5042894+05:30" testType="13cdc9d9-ddb5-4fa4-a97d-d965ccfc6d4b" outcome="Passed" testListId="8c84fa94-04c1-424b-9868-57a2d4851a1d" relativeResultsDirectory="97a52997-6880-4d58-8c61-dc70d017c81f">
      <Output>
        <StdOut>Logged in as: AslamKhan / 1qaz!QAZ
Redirected at Dashboard screen.</StdOut>
      </Output>
    </UnitTestResult>
    <UnitTestResult executionId="06444d29-8bae-4966-8760-614d5e50c764" testId="ff2bfc16-3549-24fe-4aab-595470a9093a" testName="residualIncomeOfficeAdjustmentToolAgentsPercentage" computerName="TESTORIGEN-PC" duration="00:00:46.6947230" startTime="2015-08-17T13:49:48.5042894+05:30" endTime="2015-08-17T13:50:35.1999602+05:30" testType="13cdc9d9-ddb5-4fa4-a97d-d965ccfc6d4b" outcome="Passed" testListId="8c84fa94-04c1-424b-9868-57a2d4851a1d" relativeResultsDirectory="06444d29-8bae-4966-8760-614d5e50c764">
      <Output>
        <StdOut>Logged in as: AslamKhan / 1qaz!QAZ
Redirected at Dashboard screen.</StdOut>
      </Output>
    </UnitTestResult>
    <UnitTestResult executionId="912f4e65-a9ed-4163-b417-cc465b5d63a6" testId="1631b5d2-4592-7dcd-b539-537575ab0c26" testName="residualIncomeOfficeAdjustmentToolOfficeFlat" computerName="TESTORIGEN-PC" duration="00:00:38.6430546" startTime="2015-08-17T13:50:35.1999602+05:30" endTime="2015-08-17T13:51:13.8441705+05:30" testType="13cdc9d9-ddb5-4fa4-a97d-d965ccfc6d4b" outcome="Passed" testListId="8c84fa94-04c1-424b-9868-57a2d4851a1d" relativeResultsDirectory="912f4e65-a9ed-4163-b417-cc465b5d63a6">
      <Output>
        <StdOut>Logged in as: AslamKhan / 1qaz!QAZ
Redirected at Dashboard screen.</StdOut>
      </Output>
    </UnitTestResult>
    <UnitTestResult executionId="8c6b2343-e5d2-4f42-86a0-0cd05139b08e" testId="eeb96bc7-5f29-c71a-5796-2a7a623e7d0a" testName="residualIncomeOfficeAdjustmentToolOfficePercentage" computerName="TESTORIGEN-PC" duration="00:00:44.8991977" startTime="2015-08-17T13:51:13.8441705+05:30" endTime="2015-08-17T13:51:58.7447387+05:30" testType="13cdc9d9-ddb5-4fa4-a97d-d965ccfc6d4b" outcome="Passed" testListId="8c84fa94-04c1-424b-9868-57a2d4851a1d" relativeResultsDirectory="8c6b2343-e5d2-4f42-86a0-0cd05139b08e">
      <Output>
        <StdOut>Logged in as: AslamKhan / 1qaz!QAZ
Redirected at Dashboard screen.</StdOut>
      </Output>
    </UnitTestResult>
    <UnitTestResult executionId="db037bb7-2982-4a9b-a8a3-c4a8ce011078" testId="93d82f4c-b3ab-5d5e-f4bd-2a8e888f9d74" testName="restoreDeletedPDFTemplate" computerName="TESTORIGEN-PC" duration="00:00:59.6121325" startTime="2015-08-17T13:51:58.7457387+05:30" endTime="2015-08-17T13:52:58.3591484+05:30" testType="13cdc9d9-ddb5-4fa4-a97d-d965ccfc6d4b" outcome="Failed" testListId="8c84fa94-04c1-424b-9868-57a2d4851a1d" relativeResultsDirectory="db037bb7-2982-4a9b-a8a3-c4a8ce011078">
      <Output>
        <StdOut>Logged in as: AslamKhan / 1qaz!QAZ
Redirected at Dashboard screen.</StdOut>
        <ErrorInfo>
          <Message>Test method PegasusTests.Scripts.ClientsTests.RestoreDeletedPDFTemplate.restoreDeletedPDFTemplate threw exception: 
System.InvalidOperationException: unknown error: Element is not clickable at point (896, 138). Other element would receive the click: &lt;div class="modal-backdrop fade in"&gt;&lt;/div&gt;
  (Session info: chrome=44.0.2403.155)
  (Driver info: chromedriver=2.14.313457 (3d645c400edf2e2c500566c9aa096063e707c9cf),platform=Windows NT 6.1 SP1 x86_64)</Message>
          <StackTrace>    at OpenQA.Selenium.Remote.RemoteWebDriver.UnpackAndThrowOnError(Response errorResponse)
   at OpenQA.Selenium.Remote.RemoteWebDriver.Execute(String driverCommandToExecute, Dictionary`2 parameters)
   at OpenQA.Selenium.Remote.RemoteWebElement.Click()
   at PegasusTests.PageHelper.Comm.DriverHelper.Click(String locator) in e:\Pegasus_Project\Pegasus_New_Skin\Pegasus_New_skin\Pegasus_New_skin\PageHelper\Comm\DriverHelper.cs:line 247
   at PegasusTests.PageHelper.PDFTemplateAdminHelper.ClickElement(String XmlNode) in e:\Pegasus_Project\Pegasus_New_Skin\Pegasus_New_skin\Pegasus_New_skin\PageHelper\PDFTemplateAdminHelper.cs:line 27
   at PegasusTests.Scripts.ClientsTests.RestoreDeletedPDFTemplate.restoreDeletedPDFTemplate() in e:\Pegasus_Project\Pegasus_New_Skin\Pegasus_New_skin\Pegasus_New_skin\Scripts\NewSkinTaskJira\RestoreDeletedPDFTemplate.cs:line 66
</StackTrace>
        </ErrorInfo>
      </Output>
    </UnitTestResult>
    <UnitTestResult executionId="940d6d8a-0e17-453a-b8b0-a3302d6cc43a" testId="638a3293-2062-22e5-7dd4-60342c73c853" testName="restorePDFTemplateCorp" computerName="TESTORIGEN-PC" duration="00:00:37.8411240" startTime="2015-08-17T13:52:58.3591484+05:30" endTime="2015-08-17T13:53:36.2013129+05:30" testType="13cdc9d9-ddb5-4fa4-a97d-d965ccfc6d4b" outcome="Failed" testListId="8c84fa94-04c1-424b-9868-57a2d4851a1d" relativeResultsDirectory="940d6d8a-0e17-453a-b8b0-a3302d6cc43a">
      <Output>
        <StdOut>Logged in as: selcorp / seWelcome2
Redirected at Dashboard screen.</StdOut>
        <ErrorInfo>
          <Message>Test method PegasusTests.Scripts.ClientsTests.RestorePDFTemplateCorp.restorePDFTemplateCorp threw exception: 
OpenQA.Selenium.NoSuchElementException: Cannot locate option with value: 49</Message>
          <StackTrace>    at OpenQA.Selenium.Support.UI.SelectElement.SelectByValue(String value)
   at PegasusTests.PageHelper.Comm.DriverHelper.SelectDropDown(String locator, String targetValue) in e:\Pegasus_Project\Pegasus_New_Skin\Pegasus_New_skin\Pegasus_New_skin\PageHelper\Comm\DriverHelper.cs:line 257
   at PegasusTests.PageHelper.PDFTemplateAdminHelper.Select(String Field, String value) in e:\Pegasus_Project\Pegasus_New_Skin\Pegasus_New_skin\Pegasus_New_skin\PageHelper\PDFTemplateAdminHelper.cs:line 48
   at PegasusTests.Scripts.ClientsTests.RestorePDFTemplateCorp.restorePDFTemplateCorp() in e:\Pegasus_Project\Pegasus_New_Skin\Pegasus_New_skin\Pegasus_New_skin\Scripts\NewSkinTaskJira\RestorePDFTemplateCorp.cs:line 63
</StackTrace>
        </ErrorInfo>
      </Output>
    </UnitTestResult>
    <UnitTestResult executionId="8e4a71d0-a781-4996-bac0-54112ea004ad" testId="4f19ac3c-ecd4-1c83-13bd-698248296590" testName="revenueAdjustmentForSaleManagerAddAmount" computerName="TESTORIGEN-PC" duration="00:01:07.6274570" startTime="2015-08-17T13:53:36.2013129+05:30" endTime="2015-08-17T13:54:43.8301810+05:30" testType="13cdc9d9-ddb5-4fa4-a97d-d965ccfc6d4b" outcome="Passed" testListId="8c84fa94-04c1-424b-9868-57a2d4851a1d" relativeResultsDirectory="8e4a71d0-a781-4996-bac0-54112ea004ad">
      <Output>
        <StdOut>Logged in as: AslamKhan / 1qaz!QAZ
Redirected at Dashboard screen.</StdOut>
      </Output>
    </UnitTestResult>
    <UnitTestResult executionId="c6820f70-a45f-45ed-8c6e-1a660a343e61" testId="7639cc2d-b5a1-26ca-6044-4345ea350e56" testName="revenueAdjustmentForSaleManagerRemoveFlat" computerName="TESTORIGEN-PC" duration="00:01:10.2232674" startTime="2015-08-17T13:54:43.8311811+05:30" endTime="2015-08-17T13:55:54.0561977+05:30" testType="13cdc9d9-ddb5-4fa4-a97d-d965ccfc6d4b" outcome="Passed" testListId="8c84fa94-04c1-424b-9868-57a2d4851a1d" relativeResultsDirectory="c6820f70-a45f-45ed-8c6e-1a660a343e61">
      <Output>
        <StdOut>Logged in as: AslamKhan / 1qaz!QAZ
Redirected at Dashboard screen.</StdOut>
      </Output>
    </UnitTestResult>
    <UnitTestResult executionId="a898e0b1-e63d-40da-a0a6-fae4b84b7501" testId="1edb38a4-bd22-4c69-27ef-70c1820bbf2a" testName="revenueAdjustmentPartnerAgentAddFlatAmount" computerName="TESTORIGEN-PC" duration="00:02:09.8733886" startTime="2015-08-17T13:55:54.0561977+05:30" endTime="2015-08-17T13:58:03.9316262+05:30" testType="13cdc9d9-ddb5-4fa4-a97d-d965ccfc6d4b" outcome="Failed" testListId="8c84fa94-04c1-424b-9868-57a2d4851a1d" relativeResultsDirectory="a898e0b1-e63d-40da-a0a6-fae4b84b7501">
      <Output>
        <StdOut>Logged in as: AslamKhan / 1qaz!QAZ
Redirected at Dashboard screen.</StdOut>
        <ErrorInfo>
          <Message>Assert.IsTrue failed. </Message>
          <StackTrace>   at PegasusTests.PageHelper.Comm.DriverHelper.Click(String locator) in e:\Pegasus_Project\Pegasus_New_Skin\Pegasus_New_skin\Pegasus_New_skin\PageHelper\Comm\DriverHelper.cs:line 246
   at PegasusTests.PageHelper.PartnerAgentHelperNewSkin.ClickElement(String xmlNode) in e:\Pegasus_Project\Pegasus_New_Skin\Pegasus_New_skin\Pegasus_New_skin\PageHelper\PartnerAgentHelperNewSkin.cs:line 57
   at PegasusTests.Scripts.ClientsTests.RevenueAdjustmentPartnerAgentAddFlatAmount.revenueAdjustmentPartnerAgentAddFlatAmount() in e:\Pegasus_Project\Pegasus_New_Skin\Pegasus_New_skin\Pegasus_New_skin\Scripts\NewSkinTaskJira\RevenueAdjustmentPartnerAgentAddFlatAmount.cs:line 67
</StackTrace>
        </ErrorInfo>
      </Output>
    </UnitTestResult>
[...]
    <TestEntry testId="54e0bcd3-13b1-1c68-dd4c-0a6808043fde" executionId="cd46d729-dd78-40a9-a278-b2c233900e6f" testListId="8c84fa94-04c1-424b-9868-57a2d4851a1d" />
    <TestEntry testId="6c3ec04a-c589-1298-4bba-44a34d77680d" executionId="5dcd00e8-3743-4695-8fd8-9a82a75393de" testListId="8c84fa94-04c1-424b-9868-57a2d4851a1d" />
    <TestEntry testId="8e0d478e-9b1f-b036-cda4-428d3304bc9d" executionId="3e6ccf95-f417-487f-ad02-b9100dbe82b8" testListId="8c84fa94-04c1-424b-9868-57a2d4851a1d" />
    <TestEntry testId="ac466cc6-5028-9fc8-e133-9864bcf4fe88" executionId="f08a7bbb-7cf8-4b6c-8039-d1a3b44d1467" testListId="8c84fa94-04c1-424b-9868-57a2d4851a1d" />
    <TestEntry testId="7f132701-8100-d7a7-582e-336ee30439dc" executionId="a84b8b74-7d18-46ed-ae6c-54f5548a3a43" testListId="8c84fa94-04c1-424b-9868-57a2d4851a1d" />
    <TestEntry testId="110cbcae-34c8-6509-5400-6842f9e0f5ca" executionId="3d2b773c-69bb-4e95-a878-2e2d104329cf" testListId="8c84fa94-04c1-424b-9868-57a2d4851a1d" />
    <TestEntry testId="30257349-d269-2c45-8b7a-3f657728a2fb" executionId="38423cff-55eb-4883-a753-ee3922222634" testListId="8c84fa94-04c1-424b-9868-57a2d4851a1d" />
    <TestEntry testId="22eaf6ce-1169-54f0-138c-0f7ee2219abd" executionId="cd5a4345-eb75-4716-a053-95561ff11bb5" testListId="8c84fa94-04c1-424b-9868-57a2d4851a1d" />
    <TestEntry testId="cd2349a5-754f-0e19-994d-2346f7ee6f57" executionId="ba4b7b09-75e4-4182-9bba-ba4de38c428e" testListId="8c84fa94-04c1-424b-9868-57a2d4851a1d" />
    <TestEntry testId="73732dff-e65b-2925-15b2-fc5002d5cd57" executionId="5383faa6-ce0e-4f4c-90f7-e1d617486815" testListId="8c84fa94-04c1-424b-9868-57a2d4851a1d" />
    <TestEntry testId="200f2942-fcb9-6450-a389-794592e9b5cc" executionId="dada9cf6-5aa4-48bb-9698-4cba60e6ebbc" testListId="8c84fa94-04c1-424b-9868-57a2d4851a1d" />
    <TestEntry testId="e583e817-da39-b6e3-11da-6d2a55a549de" executionId="671574c8-885e-46dc-95e7-8e3bb8800e61" testListId="8c84fa94-04c1-424b-9868-57a2d4851a1d" />
    <TestEntry testId="35bd9b17-2e60-aab0-1b76-88768e271b9f" executionId="8e3d0b25-2c8a-4a9b-b1e4-5ecb463431a5" testListId="8c84fa94-04c1-424b-9868-57a2d4851a1d" />
    <TestEntry testId="a8654672-39e6-9749-e64f-f336ca308b0d" executionId="5a6964a8-3c46-4511-bfac-bb5b0da370b8" testListId="8c84fa94-04c1-424b-9868-57a2d4851a1d" />
    <TestEntry testId="4330d98c-49e0-3371-760a-38d2e071aec5" executionId="8f41002a-3038-4b37-a2a5-fdd5fb7db954" testListId="8c84fa94-04c1-424b-9868-57a2d4851a1d" />
    <TestEntry testId="b35b0d71-79da-bc60-f850-98a6f43dde34" executionId="1071394f-51d4-40de-adc2-de899d774091" testListId="8c84fa94-04c1-424b-9868-57a2d4851a1d" />
    <TestEntry testId="c3017713-9611-9ede-6da7-88b946a87296" executionId="438f32f1-013f-4b4f-a58f-34cde464fcd5" testListId="8c84fa94-04c1-424b-9868-57a2d4851a1d" />
    <TestEntry testId="74866589-49d4-14a2-ab66-e67497887a93" executionId="0aa9f36d-e55a-453b-8181-553c7e3db9f2" testListId="8c84fa94-04c1-424b-9868-57a2d4851a1d" />
    <TestEntry testId="05d21f98-f89f-abe0-e652-2467ebe62129" executionId="02ac8f58-44aa-4605-a752-06794c65c7e5" testListId="8c84fa94-04c1-424b-9868-57a2d4851a1d" />
    <TestEntry testId="cb11f649-10e0-17c6-1b6c-ace3cef76252" executionId="8a55fee6-2f1a-4e3e-8a52-8a2b281e47d5" testListId="8c84fa94-04c1-424b-9868-57a2d4851a1d" />
    <TestEntry testId="275dbb9b-c414-2a37-4ac4-666d31fe13d2" executionId="54318832-be01-497e-ac34-94c11210345b" testListId="8c84fa94-04c1-424b-9868-57a2d4851a1d" />
    <TestEntry testId="ccb9ec67-8114-383e-dd53-cd95c6cb6f85" executionId="33b2c822-b60e-4799-9010-55b6fb618d34" testListId="8c84fa94-04c1-424b-9868-57a2d4851a1d" />
    <TestEntry testId="528af298-d3f3-512b-de3c-5acccc360e09" executionId="efcb4f91-d985-489b-add4-b2f8e3834d27" testListId="8c84fa94-04c1-424b-9868-57a2d4851a1d" />
    <TestEntry testId="5e9fd44a-6de8-5ecb-2a69-3a2f704dfe51" executionId="e78bcfcf-4b2b-460a-a26a-027e00fc74bc" testListId="8c84fa94-04c1-424b-9868-57a2d4851a1d" />
    <TestEntry testId="1d16aae0-8198-ec8a-c721-304e80d93e2d" executionId="c91b7f40-ba55-4567-8cf0-70e153f2e155" testListId="8c84fa94-04c1-424b-9868-57a2d4851a1d" />
    <TestEntry testId="2d867b65-2495-6b00-2ae5-923647083fe8" executionId="4e05958b-950f-4fc7-beda-cb8d24e0cf38" testListId="8c84fa94-04c1-424b-9868-57a2d4851a1d" />
    <TestEntry testId="bd289e18-0aba-e287-4d47-1eabbb271e4b" executionId="5be1ab14-d39c-4bb3-9a10-19b93b4c9d3f" testListId="8c84fa94-04c1-424b-9868-57a2d4851a1d" />
    <TestEntry testId="617ba706-c096-7a9b-9f69-68b594e3c13f" executionId="aee87283-7ce9-4d00-a5f2-12395c3ab25d" testListId="8c84fa94-04c1-424b-9868-57a2d4851a1d" />
    <TestEntry testId="c78982a8-9ced-9c62-9dd6-9a989909b857" executionId="91c1004f-882a-4df0-b462-b1b260ac7e35" testListId="8c84fa94-04c1-424b-9868-57a2d4851a1d" />
    <TestEntry testId="eb628fe0-b168-762d-b5ad-d893b9241ceb" executionId="92fcdefe-8b16-4da8-816e-f98916afc190" testListId="8c84fa94-04c1-424b-9868-57a2d4851a1d" />
    <TestEntry testId="cbbc705f-8d77-730b-c90f-840ea85ce6b5" executionId="80d6e414-24ab-4a79-a915-e5616d2897ab" testListId="8c84fa94-04c1-424b-9868-57a2d4851a1d" />
    <TestEntry testId="edef04bd-a724-831a-e61e-253a00794a31" executionId="08f80844-0d65-44b3-b843-125353964cd5" testListId="8c84fa94-04c1-424b-9868-57a2d4851a1d" />
    <TestEntry testId="2d253a23-3463-fd76-6ddd-236d53ba488c" executionId="77c59e2d-227d-4bc3-9c07-10366ec52973" testListId="8c84fa94-04c1-424b-9868-57a2d4851a1d" />
    <TestEntry testId="43feec16-716a-52d5-64d7-9505552411d8" executionId="50f5e298-9b7a-4a6f-944c-c90a895e2c2d" testListId="8c84fa94-04c1-424b-9868-57a2d4851a1d" />
    <TestEntry testId="c764d31d-6d2c-1690-06ba-3a8dbe6f5506" executionId="8695daf4-0345-420a-bcd2-874f932caf55" testListId="8c84fa94-04c1-424b-9868-57a2d4851a1d" />
    <TestEntry testId="7a0c99c6-dfd6-0b05-cb02-fd3f5421c817" executionId="22f21dd8-0a19-4bc6-a08d-16e5f9b148f5" testListId="8c84fa94-04c1-424b-9868-57a2d4851a1d" />
    <TestEntry testId="63e6ddf6-6d47-635b-8f55-cfa38bba6a58" executionId="daebd45b-f0c7-46e0-b8c2-e9d65803a2cf" testListId="8c84fa94-04c1-424b-9868-57a2d4851a1d" />
    <TestEntry testId="179132fd-5ba3-26e4-cb9f-a1490311c68a" executionId="993b4755-d702-40c7-ab1c-ea06141bbe0b" testListId="8c84fa94-04c1-424b-9868-57a2d4851a1d" />
    <TestEntry testId="8eefc766-a448-61a7-bf35-498604dbd956" executionId="d6d74853-2e6f-466b-9406-baef58adc213" testListId="8c84fa94-04c1-424b-9868-57a2d4851a1d" />
    <TestEntry testId="1fbab88a-a951-0930-398b-46e59a881ed9" executionId="f8b690e4-33ab-49a5-b257-762c0040db12" testListId="8c84fa94-04c1-424b-9868-57a2d4851a1d" />
    <TestEntry testId="67130848-8d29-fb6b-b278-4525f9656177" executionId="687e8d7e-5d8d-4ffd-b38f-c33b0f5a72fa" testListId="8c84fa94-04c1-424b-9868-57a2d4851a1d" />
    <TestEntry testId="dc1b77c4-a079-b195-44dd-9a09327e84a4" executionId="08836a53-99c0-40d3-8a14-ae65a5ae91f2" testListId="8c84fa94-04c1-424b-9868-57a2d4851a1d" />
    <TestEntry testId="de165dae-914e-4422-2822-24f4c70bda69" executionId="c950ecc5-5701-40b9-9e02-e912d44de789" testListId="8c84fa94-04c1-424b-9868-57a2d4851a1d" />
    <TestEntry testId="00f9cdc5-9889-d926-0bad-11b23b236c3f" executionId="419ddf83-8be6-4dce-9446-b52cdf40908c" testListId="8c84fa94-04c1-424b-9868-57a2d4851a1d" />
    <TestEntry testId="782feb05-67fd-7632-1e20-28560561ac30" executionId="e0b872ff-0ed2-45f7-b4be-7980b1af7662" testListId="8c84fa94-04c1-424b-9868-57a2d4851a1d" />
    <TestEntry testId="61a86122-7f41-1b3b-0dce-a572a35bb1f0" executionId="568cfa32-c542-4e29-ac85-1cbaa2a10f41" testListId="8c84fa94-04c1-424b-9868-57a2d4851a1d" />
    <TestEntry testId="5f6db988-9e27-99df-78d0-9401cb72dead" executionId="11c10e46-433f-41a9-8d58-c55a460e4932" testListId="8c84fa94-04c1-424b-9868-57a2d4851a1d" />
    <TestEntry testId="83503731-03a4-55ae-a1b7-209f2d17cf50" executionId="c228a050-1282-42f4-abfc-56130a6bb01c" testListId="8c84fa94-04c1-424b-9868-57a2d4851a1d" />
    <TestEntry testId="706f6464-cf6f-386b-654d-e1a1f4265be9" executionId="183c5b3c-d616-4e38-a575-2c5422b5f04e" testListId="8c84fa94-04c1-424b-9868-57a2d4851a1d" />
    <TestEntry testId="df466ade-c6d2-b9fa-f72f-9975d8f2b31c" executionId="78ad6603-6dd5-4b9f-aefb-80af058b74d2" testListId="8c84fa94-04c1-424b-9868-57a2d4851a1d" />
    <TestEntry testId="a7bed229-25cb-7101-c7f8-ddc9844f1379" executionId="3a4ae958-ccf5-44d9-a6ef-57b6b79575bc" testListId="8c84fa94-04c1-424b-9868-57a2d4851a1d" />
    <TestEntry testId="5e20d9b5-f0ad-1d62-4d91-96f6546f63a6" executionId="afb713ad-f186-4074-a220-ba726763c0e2" testListId="8c84fa94-04c1-424b-9868-57a2d4851a1d" />
    <TestEntry testId="13e5e39f-d3aa-aca5-fc9c-2a24f6007de4" executionId="627dc5d4-4fbd-4a82-98a6-b4982c85bbdb" testListId="8c84fa94-04c1-424b-9868-57a2d4851a1d" />
    <TestEntry testId="5af9ade2-ea2c-04bc-ffae-7c8140d0bb14" executionId="a888bbb6-3853-4fa0-9ad1-fe84ba2946c4" testListId="8c84fa94-04c1-424b-9868-57a2d4851a1d" />
    <TestEntry testId="eadda4a2-22ba-dbff-38a8-88770061fee4" executionId="c598ba18-06fb-4d77-8cbe-3c50a60e6cd3" testListId="8c84fa94-04c1-424b-9868-57a2d4851a1d" />
    <TestEntry testId="f605c45e-87c0-dc86-8596-ae6c099891b8" executionId="333ef12d-8c7c-4068-aa4f-e0e5866338a7" testListId="8c84fa94-04c1-424b-9868-57a2d4851a1d" />
    <TestEntry testId="28681467-a4d0-2974-d4e5-0c3c3a9c633e" executionId="94a4ddeb-f126-4bb5-be8a-688cb786fbb1" testListId="8c84fa94-04c1-424b-9868-57a2d4851a1d" />
    <TestEntry testId="d34b6683-bb07-58cf-b151-d6cadf33dd5a" executionId="1e5b6ed3-fc3c-403f-ae44-903f5d573246" testListId="8c84fa94-04c1-424b-9868-57a2d4851a1d" />
    <TestEntry testId="b71aa315-b78f-eef4-0694-b4f830ca4638" executionId="28b4f694-dde5-4fb7-966f-1831dd5ac42a" testListId="8c84fa94-04c1-424b-9868-57a2d4851a1d" />
    <TestEntry testId="01d587a3-54d4-4f55-fb46-d70116d3064b" executionId="f67b3145-56d8-403e-bb9c-afbf75dab735" testListId="8c84fa94-04c1-424b-9868-57a2d4851a1d" />
    <TestEntry testId="77fc25e2-ec9d-2905-8293-8627f567792d" executionId="2d368ec0-0917-4654-8cb0-cfe623a9551a" testListId="8c84fa94-04c1-424b-9868-57a2d4851a1d" />
    <TestEntry testId="af2876a4-fd94-b4f6-f658-3d4815f2f997" executionId="dccd8c26-34a4-4d6d-ba29-6ecad3e6067e" testListId="8c84fa94-04c1-424b-9868-57a2d4851a1d" />
    <TestEntry testId="ef6fb460-d28a-fd98-c37f-f1af9aa2c839" executionId="96e27494-54bd-413f-a9fb-ab95d2beac5f" testListId="8c84fa94-04c1-424b-9868-57a2d4851a1d" />
    <TestEntry testId="b6306e6c-8c6c-90f4-8797-ba802e71e571" executionId="ce4d8cc4-33b7-4133-bb41-149e977fbc3b" testListId="8c84fa94-04c1-424b-9868-57a2d4851a1d" />
    <TestEntry testId="a8acc4ab-d299-0439-c67e-545042c55835" executionId="bd062888-8846-43ec-96ef-546ae4afdf88" testListId="8c84fa94-04c1-424b-9868-57a2d4851a1d" />
    <TestEntry testId="b78827d8-091b-ecc5-bea1-9b48eb19c48d" executionId="dbeed1b5-512e-45e9-9bea-bbd1d14bb74e" testListId="8c84fa94-04c1-424b-9868-57a2d4851a1d" />
    <TestEntry testId="98aa579b-67c4-4c42-27da-293ba5bde350" executionId="7e071059-2d1d-467f-835a-2fdf2a0ceaf1" testListId="8c84fa94-04c1-424b-9868-57a2d4851a1d" />
    <TestEntry testId="502b6528-7298-650e-7265-0c19aa4aebac" executionId="7a4ba4a8-e203-488e-aec0-829d40ae1bd4" testListId="8c84fa94-04c1-424b-9868-57a2d4851a1d" />
    <TestEntry testId="50438204-9549-5f7f-cf49-02e23aee24c6" executionId="f0d673cd-69f2-4056-a31b-84a8531ef27e" testListId="8c84fa94-04c1-424b-9868-57a2d4851a1d" />
    <TestEntry testId="8851649a-f839-f479-0e9f-9da6fcc50910" executionId="49c44e23-8c4f-4fcb-981a-70bed3ebd46f" testListId="8c84fa94-04c1-424b-9868-57a2d4851a1d" />
    <TestEntry testId="ed9acd65-5d89-d337-f186-88ec760e8d6f" executionId="a0bb91c9-ef75-4ff8-8cd9-0dbb150c2736" testListId="8c84fa94-04c1-424b-9868-57a2d4851a1d" />
    <TestEntry testId="1fd24e76-507d-94d2-c9e5-6623e6d845ca" executionId="1a633951-89d3-4196-bdb1-98cbca1df7dc" testListId="8c84fa94-04c1-424b-9868-57a2d4851a1d" />
    <TestEntry testId="576e3e55-38df-126f-cc0a-8fd704b107bc" executionId="97a52997-6880-4d58-8c61-dc70d017c81f" testListId="8c84fa94-04c1-424b-9868-57a2d4851a1d" />
    <TestEntry testId="ff2bfc16-3549-24fe-4aab-595470a9093a" executionId="06444d29-8bae-4966-8760-614d5e50c764" testListId="8c84fa94-04c1-424b-9868-57a2d4851a1d" />
    <TestEntry testId="1631b5d2-4592-7dcd-b539-537575ab0c26" executionId="912f4e65-a9ed-4163-b417-cc465b5d63a6" testListId="8c84fa94-04c1-424b-9868-57a2d4851a1d" />
    <TestEntry testId="eeb96bc7-5f29-c71a-5796-2a7a623e7d0a" executionId="8c6b2343-e5d2-4f42-86a0-0cd05139b08e" testListId="8c84fa94-04c1-424b-9868-57a2d4851a1d" />
    <TestEntry testId="93d82f4c-b3ab-5d5e-f4bd-2a8e888f9d74" executionId="db037bb7-2982-4a9b-a8a3-c4a8ce011078" testListId="8c84fa94-04c1-424b-9868-57a2d4851a1d" />
    <TestEntry testId="638a3293-2062-22e5-7dd4-60342c73c853" executionId="940d6d8a-0e17-453a-b8b0-a3302d6cc43a" testListId="8c84fa94-04c1-424b-9868-57a2d4851a1d" />
    <TestEntry testId="4f19ac3c-ecd4-1c83-13bd-698248296590" executionId="8e4a71d0-a781-4996-bac0-54112ea004ad" testListId="8c84fa94-04c1-424b-9868-57a2d4851a1d" />
    <TestEntry testId="7639cc2d-b5a1-26ca-6044-4345ea350e56" executionId="c6820f70-a45f-45ed-8c6e-1a660a343e61" testListId="8c84fa94-04c1-424b-9868-57a2d4851a1d" />
    <TestEntry testId="1edb38a4-bd22-4c69-27ef-70c1820bbf2a" executionId="a898e0b1-e63d-40da-a0a6-fae4b84b7501" testListId="8c84fa94-04c1-424b-9868-57a2d4851a1d" />
    <TestEntry testId="b7d0bdc2-df49-3170-25ed-9f504b246c02" executionId="1d2b32fc-670f-4c4a-a6f7-16803d5c7e57" testListId="8c84fa94-04c1-424b-9868-57a2d4851a1d" />
    <TestEntry testId="a6e1ba08-3b95-cfb4-752d-08519091324a" executionId="db5f5f16-c145-4719-936c-d46ec9013ffa" testListId="8c84fa94-04c1-424b-9868-57a2d4851a1d" />
    <TestEntry testId="e911c5b9-830e-35d5-e910-21dc07b81cd0" executionId="3ee922c2-b441-4f8e-9f2f-9306d0d79cb9" testListId="8c84fa94-04c1-424b-9868-57a2d4851a1d" />
    <TestEntry testId="7e8157c8-dcb1-ea12-efa2-f87a11b69850" executionId="d7ff15dc-5bfc-4998-8467-6b9e46bfee92" testListId="8c84fa94-04c1-424b-9868-57a2d4851a1d" />
    <TestEntry testId="00d160ea-4613-9def-d08d-4b8e1b84752e" executionId="6ec894a6-42dd-45e0-a243-8c26e718fba1" testListId="8c84fa94-04c1-424b-9868-57a2d4851a1d" />
    <TestEntry testId="49d067f9-bd82-140d-2b0d-3e94f60729fa" executionId="e529b236-3ae5-4689-a6bc-76441ca58e26" testListId="8c84fa94-04c1-424b-9868-57a2d4851a1d" />
    <TestEntry testId="90b0ece4-7734-b027-573c-ce0fdf3271f0" executionId="ab24dddc-afd6-41cb-96c1-5c8d7c46a8f2" testListId="8c84fa94-04c1-424b-9868-57a2d4851a1d" />
    <TestEntry testId="2ce50fe1-c4e5-8f47-92d3-0a707bbc9259" executionId="2e7f20f7-974a-4752-b235-7156bace26c4" testListId="8c84fa94-04c1-424b-9868-57a2d4851a1d" />
    <TestEntry testId="631db1e5-5130-fe76-60d3-f720d01eb3d2" executionId="c1b27fec-0388-4c9d-8128-3dc264beb086" testListId="8c84fa94-04c1-424b-9868-57a2d4851a1d" />
    <TestEntry testId="9699bd57-3e9a-16f4-dafd-b1a79632258f" executionId="d11e3405-2d96-4b7d-a992-607e721fe247" testListId="8c84fa94-04c1-424b-9868-57a2d4851a1d" />
    <TestEntry testId="ae3e5d17-a418-c027-5d01-89e4c7b54c4c" executionId="c35a9696-cea9-4c63-98e1-3c06dc7ff7d5" testListId="8c84fa94-04c1-424b-9868-57a2d4851a1d" />
    <TestEntry testId="ab42990e-b7d9-acfc-0318-565256d2bb54" executionId="eca4172f-679a-4bb8-bcf3-d39702e3f0c0" testListId="8c84fa94-04c1-424b-9868-57a2d4851a1d" />
    <TestEntry testId="393d6c3b-efc9-bf9c-9a36-6929884573ff" executionId="9b9b274e-4b5a-4f89-8f2b-8c42c83e7e48" testListId="8c84fa94-04c1-424b-9868-57a2d4851a1d" />
    <TestEntry testId="8db7c042-c9c9-e955-e7e7-3e02c89b7d6f" executionId="829796d6-af05-466b-9d54-f4e68589bbd8" testListId="8c84fa94-04c1-424b-9868-57a2d4851a1d" />
    <TestEntry testId="56a8f782-250a-6f8c-ac49-011d70574de2" executionId="58e2537f-30e9-44c7-a709-51d533e25799" testListId="8c84fa94-04c1-424b-9868-57a2d4851a1d" />
    <TestEntry testId="1b150bd0-7205-e9d7-5516-24eed9c954f7" executionId="86e135b4-6770-45c0-b0d4-098f28bc5a08" testListId="8c84fa94-04c1-424b-9868-57a2d4851a1d" />
    <TestEntry testId="a528b9d1-09ce-b802-08a5-6e087b0004f7" executionId="efad7cb0-059f-43c5-adaf-ccb0e5eef8d1" testListId="8c84fa94-04c1-424b-9868-57a2d4851a1d" />
    <TestEntry testId="8e59bd2d-bd60-e724-3a38-222ac20bff9f" executionId="3c071a61-d07b-4c0a-be73-bb4736b37433" testListId="8c84fa94-04c1-424b-9868-57a2d4851a1d" />
    <TestEntry testId="a6cfcd75-8812-fb54-975b-5f6c37250cb0" executionId="f27d3ef1-a752-4725-bfae-2ac232ae19f2" testListId="8c84fa94-04c1-424b-9868-57a2d4851a1d" />
    <TestEntry testId="3e105617-0bb6-733c-e78a-d2f35c17f402" executionId="8f3dd567-0974-42ae-b5fe-3a3a08caa145" testListId="8c84fa94-04c1-424b-9868-57a2d4851a1d" />
    <TestEntry testId="c497ca90-15db-d9e3-fed1-18a8c3832a01" executionId="05e4d12b-e401-4328-9aec-7a369725fada" testListId="8c84fa94-04c1-424b-9868-57a2d4851a1d" />
    <TestEntry testId="ba9c1802-9c2e-de9d-589c-508e2f15429b" executionId="fb430978-5f4d-4fed-8d02-236673c04859" testListId="8c84fa94-04c1-424b-9868-57a2d4851a1d" />
    <TestEntry testId="56fc8256-8585-92ab-c5dd-7d38d01eb098" executionId="f3f9012e-22e8-4065-99ad-84b76ed99e17" testListId="8c84fa94-04c1-424b-9868-57a2d4851a1d" />
    <TestEntry testId="469e6b6a-3c29-b051-995c-b9842e2eb6d9" executionId="f26617a6-0691-427f-9c76-706dfa580ce7" testListId="8c84fa94-04c1-424b-9868-57a2d4851a1d" />
    <TestEntry testId="e10128d8-0332-7474-6334-cdbf84dbbcd1" executionId="2e10634f-a6cc-458d-b781-74f9e21dc0f1" testListId="8c84fa94-04c1-424b-9868-57a2d4851a1d" />
    <TestEntry testId="71ccd59f-39a1-6884-7f01-f9495a97c8aa" executionId="feff379d-4494-448c-9162-285a5945a1ab" testListId="8c84fa94-04c1-424b-9868-57a2d4851a1d" />
    <TestEntry testId="7c1ec3b1-98a2-dea8-cbc8-775ccf58ed68" executionId="bffc9013-c84f-44e7-8e17-7cd58a0fddfc" testListId="8c84fa94-04c1-424b-9868-57a2d4851a1d" />
    <TestEntry testId="df28b719-e3f7-30cc-9006-df77cfa42dde" executionId="6f8448e3-8497-45a2-b939-2f9a4c22a762" testListId="8c84fa94-04c1-424b-9868-57a2d4851a1d" />
    <TestEntry testId="206cc6a4-d0ac-f552-638e-fe7e802a3553" executionId="2f14f55c-ce4f-4dfc-8492-6671aeb042c8" testListId="8c84fa94-04c1-424b-9868-57a2d4851a1d" />
    <TestEntry testId="1de1409d-dff0-7879-17d2-4e66016cf9f5" executionId="be57de9d-7bd0-4c51-b85a-561392c03278" testListId="8c84fa94-04c1-424b-9868-57a2d4851a1d" />
    <TestEntry testId="6a5e6648-2f26-c2d3-28a8-f853f848223b" executionId="0a1519f9-578d-4597-b210-fdf2927f9c0e" testListId="8c84fa94-04c1-424b-9868-57a2d4851a1d" />
    <TestEntry testId="9d72ec29-9ed5-8607-fe92-a0f716c85aab" executionId="a2f9cd9c-4c77-43b5-951c-7493beeec352" testListId="8c84fa94-04c1-424b-9868-57a2d4851a1d" />
    <TestEntry testId="b74ae57b-78d2-4711-b85e-021fefe29a47" executionId="6df3d2c8-8089-41bc-b2f6-5bf6cf8b504d" testListId="8c84fa94-04c1-424b-9868-57a2d4851a1d" />
    <TestEntry testId="899fbee4-6844-efe0-b45d-263c4f796bc2" executionId="0d717014-483d-4f64-84cd-a2506e0b607e" testListId="8c84fa94-04c1-424b-9868-57a2d4851a1d" />
    <TestEntry testId="273c9924-b451-376a-6373-dbe061eee2e8" executionId="60b3c855-07c9-469d-91a7-ccab7f093349" testListId="8c84fa94-04c1-424b-9868-57a2d4851a1d" />
    <TestEntry testId="a1228955-227f-d507-f68a-7aa80b081cd9" executionId="5814bfd1-a586-4c17-bf1d-e8adb7fab6e7" testListId="8c84fa94-04c1-424b-9868-57a2d4851a1d" />
    <TestEntry testId="77502f30-c3cb-2212-18a4-c16ed17882e8" executionId="4d088548-c6f4-4a71-8ed0-10cb084b6111" testListId="8c84fa94-04c1-424b-9868-57a2d4851a1d" />
  </TestEntries>
  <TestLists>
    <TestList name="Results Not in a List" id="8c84fa94-04c1-424b-9868-57a2d4851a1d" />
    <TestList name="All Loaded Results" id="19431567-8539-422a-85d7-44ee4e166bda" />
  </TestLists>
  <ResultSummary outcome="Failed">
    <Counters total="146" executed="146" passed="123" failed="23" error="0" timeout="0" aborted="0" inconclusive="0" passedButRunAborted="0" notRunnable="0" notExecuted="0" disconnected="0" warning="0" completed="0" inProgress="0" pending="0" />
  </ResultSummary>
</TestRun>